<?xml version="1.0" encoding="UTF-8"?>
<robot generator="Robot 6.1.1 (Python 3.11.5 on linux)" generated="20231117 20:33:20.388" rpa="false" schemaversion="4">
<suite id="s1" name="Tests" source="/home/pakkanep/koulu/palautusrepositorio/viikko3/web-login/src/tests">
<suite id="s1-s1" name="Home" source="/home/pakkanep/koulu/palautusrepositorio/viikko3/web-login/src/tests/home.robot">
<kw name="Open And Configure Browser" library="resource" type="SETUP">
<kw name="Evaluate" library="BuiltIn">
<var>${options}</var>
<arg>sys.modules['selenium.webdriver'].ChromeOptions()</arg>
<arg>sys</arg>
<doc>Evaluates the given expression in Python and returns the result.</doc>
<msg timestamp="20231117 20:33:20.482" level="INFO">${options} = &lt;selenium.webdriver.chrome.options.Options object at 0x7efc1894ced0&gt;</msg>
<status status="PASS" starttime="20231117 20:33:20.482" endtime="20231117 20:33:20.482"/>
</kw>
<kw name="Call Method" library="BuiltIn">
<arg>${options}</arg>
<arg>add_argument</arg>
<arg>--no-sandbox</arg>
<doc>Calls the named method of the given object with the provided arguments.</doc>
<status status="PASS" starttime="20231117 20:33:20.482" endtime="20231117 20:33:20.482"/>
</kw>
<kw name="Call Method" library="BuiltIn">
<arg>${options}</arg>
<arg>add_argument</arg>
<arg>--headless</arg>
<doc>Calls the named method of the given object with the provided arguments.</doc>
<status status="PASS" starttime="20231117 20:33:20.482" endtime="20231117 20:33:20.483"/>
</kw>
<kw name="Open Browser" library="SeleniumLibrary">
<arg>browser=chrome</arg>
<arg>options=${options}</arg>
<doc>Opens a new browser instance to the optional ``url``.</doc>
<msg timestamp="20231117 20:33:20.483" level="INFO">Opening browser 'chrome' to base url 'None'.</msg>
<status status="PASS" starttime="20231117 20:33:20.483" endtime="20231117 20:33:21.330"/>
</kw>
<kw name="Set Selenium Speed" library="SeleniumLibrary">
<arg>${DELAY}</arg>
<doc>Sets the delay that is waited after each Selenium command.</doc>
<status status="PASS" starttime="20231117 20:33:21.331" endtime="20231117 20:33:21.331"/>
</kw>
<status status="PASS" starttime="20231117 20:33:20.482" endtime="20231117 20:33:21.331"/>
</kw>
<test id="s1-s1-t1" name="Click Login Link" line="8">
<kw name="Go To Starting Page" library="resource" type="SETUP">
<kw name="Go To" library="SeleniumLibrary">
<arg>${HOME_URL}</arg>
<doc>Navigates the current browser window to the provided ``url``.</doc>
<msg timestamp="20231117 20:33:21.332" level="INFO">Opening url 'http://localhost:5001'</msg>
<status status="PASS" starttime="20231117 20:33:21.332" endtime="20231117 20:33:21.358"/>
</kw>
<status status="PASS" starttime="20231117 20:33:21.331" endtime="20231117 20:33:21.358"/>
</kw>
<kw name="Click Link" library="SeleniumLibrary">
<arg>Login</arg>
<doc>Clicks a link identified by ``locator``.</doc>
<msg timestamp="20231117 20:33:21.359" level="INFO">Clicking link 'Login'.</msg>
<status status="PASS" starttime="20231117 20:33:21.358" endtime="20231117 20:33:21.401"/>
</kw>
<kw name="Login Page Should Be Open" library="resource">
<kw name="Title Should Be" library="SeleniumLibrary">
<arg>Login</arg>
<doc>Verifies that the current page title equals ``title``.</doc>
<msg timestamp="20231117 20:33:21.404" level="INFO">Page title is 'Login'.</msg>
<status status="PASS" starttime="20231117 20:33:21.401" endtime="20231117 20:33:21.404"/>
</kw>
<status status="PASS" starttime="20231117 20:33:21.401" endtime="20231117 20:33:21.404"/>
</kw>
<status status="PASS" starttime="20231117 20:33:21.331" endtime="20231117 20:33:21.404"/>
</test>
<test id="s1-s1-t2" name="Click Register Link" line="12">
<kw name="Go To Starting Page" library="resource" type="SETUP">
<kw name="Go To" library="SeleniumLibrary">
<arg>${HOME_URL}</arg>
<doc>Navigates the current browser window to the provided ``url``.</doc>
<msg timestamp="20231117 20:33:21.404" level="INFO">Opening url 'http://localhost:5001'</msg>
<status status="PASS" starttime="20231117 20:33:21.404" endtime="20231117 20:33:21.412"/>
</kw>
<status status="PASS" starttime="20231117 20:33:21.404" endtime="20231117 20:33:21.412"/>
</kw>
<kw name="Click Link" library="SeleniumLibrary">
<arg>Register new user</arg>
<doc>Clicks a link identified by ``locator``.</doc>
<msg timestamp="20231117 20:33:21.412" level="INFO">Clicking link 'Register new user'.</msg>
<status status="PASS" starttime="20231117 20:33:21.412" endtime="20231117 20:33:21.444"/>
</kw>
<kw name="Register Page Should Be Open" library="resource">
<kw name="Title Should Be" library="SeleniumLibrary">
<arg>Register</arg>
<doc>Verifies that the current page title equals ``title``.</doc>
<msg timestamp="20231117 20:33:21.447" level="INFO">Page title is 'Register'.</msg>
<status status="PASS" starttime="20231117 20:33:21.445" endtime="20231117 20:33:21.447"/>
</kw>
<status status="PASS" starttime="20231117 20:33:21.445" endtime="20231117 20:33:21.447"/>
</kw>
<status status="PASS" starttime="20231117 20:33:21.404" endtime="20231117 20:33:21.447"/>
</test>
<kw name="Close Browser" library="SeleniumLibrary" type="TEARDOWN">
<doc>Closes the current browser.</doc>
<status status="PASS" starttime="20231117 20:33:21.448" endtime="20231117 20:33:21.505"/>
</kw>
<status status="PASS" starttime="20231117 20:33:20.399" endtime="20231117 20:33:21.505"/>
</suite>
<suite id="s1-s2" name="Login" source="/home/pakkanep/koulu/palautusrepositorio/viikko3/web-login/src/tests/login.robot">
<kw name="Open And Configure Browser" library="resource" type="SETUP">
<kw name="Evaluate" library="BuiltIn">
<var>${options}</var>
<arg>sys.modules['selenium.webdriver'].ChromeOptions()</arg>
<arg>sys</arg>
<doc>Evaluates the given expression in Python and returns the result.</doc>
<msg timestamp="20231117 20:33:21.512" level="INFO">${options} = &lt;selenium.webdriver.chrome.options.Options object at 0x7efc18972f90&gt;</msg>
<status status="PASS" starttime="20231117 20:33:21.512" endtime="20231117 20:33:21.512"/>
</kw>
<kw name="Call Method" library="BuiltIn">
<arg>${options}</arg>
<arg>add_argument</arg>
<arg>--no-sandbox</arg>
<doc>Calls the named method of the given object with the provided arguments.</doc>
<status status="PASS" starttime="20231117 20:33:21.512" endtime="20231117 20:33:21.512"/>
</kw>
<kw name="Call Method" library="BuiltIn">
<arg>${options}</arg>
<arg>add_argument</arg>
<arg>--headless</arg>
<doc>Calls the named method of the given object with the provided arguments.</doc>
<status status="PASS" starttime="20231117 20:33:21.513" endtime="20231117 20:33:21.513"/>
</kw>
<kw name="Open Browser" library="SeleniumLibrary">
<arg>browser=chrome</arg>
<arg>options=${options}</arg>
<doc>Opens a new browser instance to the optional ``url``.</doc>
<msg timestamp="20231117 20:33:21.514" level="INFO">Opening browser 'chrome' to base url 'None'.</msg>
<status status="PASS" starttime="20231117 20:33:21.513" endtime="20231117 20:33:22.189"/>
</kw>
<kw name="Set Selenium Speed" library="SeleniumLibrary">
<arg>${DELAY}</arg>
<doc>Sets the delay that is waited after each Selenium command.</doc>
<status status="PASS" starttime="20231117 20:33:22.190" endtime="20231117 20:33:22.190"/>
</kw>
<status status="PASS" starttime="20231117 20:33:21.511" endtime="20231117 20:33:22.190"/>
</kw>
<test id="s1-s2-t1" name="Login With Nonexistent Username" line="8">
<kw name="Create User And Go To Login Page" type="SETUP">
<kw name="Create User" library="AppLibrary">
<arg>kalle</arg>
<arg>kalle123</arg>
<status status="PASS" starttime="20231117 20:33:22.190" endtime="20231117 20:33:22.197"/>
</kw>
<kw name="Go To Login Page" library="resource">
<kw name="Go To" library="SeleniumLibrary">
<arg>${LOGIN_URL}</arg>
<doc>Navigates the current browser window to the provided ``url``.</doc>
<msg timestamp="20231117 20:33:22.197" level="INFO">Opening url 'http://localhost:5001/login'</msg>
<status status="PASS" starttime="20231117 20:33:22.197" endtime="20231117 20:33:22.226"/>
</kw>
<status status="PASS" starttime="20231117 20:33:22.197" endtime="20231117 20:33:22.226"/>
</kw>
<kw name="Login Page Should Be Open" library="resource">
<kw name="Title Should Be" library="SeleniumLibrary">
<arg>Login</arg>
<doc>Verifies that the current page title equals ``title``.</doc>
<msg timestamp="20231117 20:33:22.229" level="INFO">Page title is 'Login'.</msg>
<status status="PASS" starttime="20231117 20:33:22.226" endtime="20231117 20:33:22.229"/>
</kw>
<status status="PASS" starttime="20231117 20:33:22.226" endtime="20231117 20:33:22.229"/>
</kw>
<status status="PASS" starttime="20231117 20:33:22.190" endtime="20231117 20:33:22.229"/>
</kw>
<kw name="Set Password">
<arg>kalle123</arg>
<kw name="Input Password" library="SeleniumLibrary">
<arg>password</arg>
<arg>${password}</arg>
<doc>Types the given password into the text field identified by ``locator``.</doc>
<msg timestamp="20231117 20:33:22.230" level="INFO">Typing password into text field 'password'.</msg>
<msg timestamp="20231117 20:33:22.258" level="INFO">Temporally setting log level to: NONE</msg>
<msg timestamp="20231117 20:33:22.284" level="INFO">Log level changed from NONE to INFO.</msg>
<status status="PASS" starttime="20231117 20:33:22.230" endtime="20231117 20:33:22.284"/>
</kw>
<status status="PASS" starttime="20231117 20:33:22.230" endtime="20231117 20:33:22.284"/>
</kw>
<kw name="Submit Credentials">
<kw name="Click Button" library="SeleniumLibrary">
<arg>Login</arg>
<doc>Clicks the button identified by ``locator``.</doc>
<msg timestamp="20231117 20:33:22.284" level="INFO">Clicking button 'Login'.</msg>
<status status="PASS" starttime="20231117 20:33:22.284" endtime="20231117 20:33:22.325"/>
</kw>
<status status="PASS" starttime="20231117 20:33:22.284" endtime="20231117 20:33:22.325"/>
</kw>
<kw name="Login Should Fail With Message">
<arg>Username and password are required</arg>
<kw name="Login Page Should Be Open" library="resource">
<kw name="Title Should Be" library="SeleniumLibrary">
<arg>Login</arg>
<doc>Verifies that the current page title equals ``title``.</doc>
<msg timestamp="20231117 20:33:22.328" level="INFO">Page title is 'Login'.</msg>
<status status="PASS" starttime="20231117 20:33:22.325" endtime="20231117 20:33:22.328"/>
</kw>
<status status="PASS" starttime="20231117 20:33:22.325" endtime="20231117 20:33:22.328"/>
</kw>
<kw name="Page Should Contain" library="SeleniumLibrary">
<arg>${message}</arg>
<doc>Verifies that current page contains ``text``.</doc>
<msg timestamp="20231117 20:33:22.336" level="INFO">Current page contains text 'Username and password are required'.</msg>
<status status="PASS" starttime="20231117 20:33:22.328" endtime="20231117 20:33:22.336"/>
</kw>
<status status="PASS" starttime="20231117 20:33:22.325" endtime="20231117 20:33:22.336"/>
</kw>
<status status="PASS" starttime="20231117 20:33:22.190" endtime="20231117 20:33:22.336"/>
</test>
<test id="s1-s2-t2" name="Login With Correct Credentials" line="13">
<kw name="Create User And Go To Login Page" type="SETUP">
<kw name="Create User" library="AppLibrary">
<arg>kalle</arg>
<arg>kalle123</arg>
<status status="PASS" starttime="20231117 20:33:22.337" endtime="20231117 20:33:22.342"/>
</kw>
<kw name="Go To Login Page" library="resource">
<kw name="Go To" library="SeleniumLibrary">
<arg>${LOGIN_URL}</arg>
<doc>Navigates the current browser window to the provided ``url``.</doc>
<msg timestamp="20231117 20:33:22.342" level="INFO">Opening url 'http://localhost:5001/login'</msg>
<status status="PASS" starttime="20231117 20:33:22.342" endtime="20231117 20:33:22.350"/>
</kw>
<status status="PASS" starttime="20231117 20:33:22.342" endtime="20231117 20:33:22.350"/>
</kw>
<kw name="Login Page Should Be Open" library="resource">
<kw name="Title Should Be" library="SeleniumLibrary">
<arg>Login</arg>
<doc>Verifies that the current page title equals ``title``.</doc>
<msg timestamp="20231117 20:33:22.352" level="INFO">Page title is 'Login'.</msg>
<status status="PASS" starttime="20231117 20:33:22.350" endtime="20231117 20:33:22.352"/>
</kw>
<status status="PASS" starttime="20231117 20:33:22.350" endtime="20231117 20:33:22.352"/>
</kw>
<status status="PASS" starttime="20231117 20:33:22.337" endtime="20231117 20:33:22.352"/>
</kw>
<kw name="Set Username">
<arg>kalle</arg>
<kw name="Input Text" library="SeleniumLibrary">
<arg>username</arg>
<arg>${username}</arg>
<doc>Types the given ``text`` into the text field identified by ``locator``.</doc>
<msg timestamp="20231117 20:33:22.353" level="INFO">Typing text 'kalle' into text field 'username'.</msg>
<status status="PASS" starttime="20231117 20:33:22.352" endtime="20231117 20:33:22.389"/>
</kw>
<status status="PASS" starttime="20231117 20:33:22.352" endtime="20231117 20:33:22.389"/>
</kw>
<kw name="Set Password">
<arg>kalle123</arg>
<kw name="Input Password" library="SeleniumLibrary">
<arg>password</arg>
<arg>${password}</arg>
<doc>Types the given password into the text field identified by ``locator``.</doc>
<msg timestamp="20231117 20:33:22.390" level="INFO">Typing password into text field 'password'.</msg>
<msg timestamp="20231117 20:33:22.406" level="INFO">Temporally setting log level to: NONE</msg>
<msg timestamp="20231117 20:33:22.425" level="INFO">Log level changed from NONE to INFO.</msg>
<status status="PASS" starttime="20231117 20:33:22.389" endtime="20231117 20:33:22.425"/>
</kw>
<status status="PASS" starttime="20231117 20:33:22.389" endtime="20231117 20:33:22.425"/>
</kw>
<kw name="Submit Credentials">
<kw name="Click Button" library="SeleniumLibrary">
<arg>Login</arg>
<doc>Clicks the button identified by ``locator``.</doc>
<msg timestamp="20231117 20:33:22.425" level="INFO">Clicking button 'Login'.</msg>
<status status="PASS" starttime="20231117 20:33:22.425" endtime="20231117 20:33:22.456"/>
</kw>
<status status="PASS" starttime="20231117 20:33:22.425" endtime="20231117 20:33:22.456"/>
</kw>
<kw name="Login Should Succeed">
<kw name="Main Page Should Be Open" library="resource">
<kw name="Title Should Be" library="SeleniumLibrary">
<arg>Ohtu Application main page</arg>
<doc>Verifies that the current page title equals ``title``.</doc>
<msg timestamp="20231117 20:33:22.458" level="INFO">Page title is 'Ohtu Application main page'.</msg>
<status status="PASS" starttime="20231117 20:33:22.456" endtime="20231117 20:33:22.458"/>
</kw>
<status status="PASS" starttime="20231117 20:33:22.456" endtime="20231117 20:33:22.458"/>
</kw>
<status status="PASS" starttime="20231117 20:33:22.456" endtime="20231117 20:33:22.458"/>
</kw>
<status status="PASS" starttime="20231117 20:33:22.337" endtime="20231117 20:33:22.458"/>
</test>
<test id="s1-s2-t3" name="Login With Incorrect Password" line="19">
<kw name="Create User And Go To Login Page" type="SETUP">
<kw name="Create User" library="AppLibrary">
<arg>kalle</arg>
<arg>kalle123</arg>
<status status="PASS" starttime="20231117 20:33:22.459" endtime="20231117 20:33:22.464"/>
</kw>
<kw name="Go To Login Page" library="resource">
<kw name="Go To" library="SeleniumLibrary">
<arg>${LOGIN_URL}</arg>
<doc>Navigates the current browser window to the provided ``url``.</doc>
<msg timestamp="20231117 20:33:22.464" level="INFO">Opening url 'http://localhost:5001/login'</msg>
<status status="PASS" starttime="20231117 20:33:22.464" endtime="20231117 20:33:22.472"/>
</kw>
<status status="PASS" starttime="20231117 20:33:22.464" endtime="20231117 20:33:22.473"/>
</kw>
<kw name="Login Page Should Be Open" library="resource">
<kw name="Title Should Be" library="SeleniumLibrary">
<arg>Login</arg>
<doc>Verifies that the current page title equals ``title``.</doc>
<msg timestamp="20231117 20:33:22.474" level="INFO">Page title is 'Login'.</msg>
<status status="PASS" starttime="20231117 20:33:22.473" endtime="20231117 20:33:22.474"/>
</kw>
<status status="PASS" starttime="20231117 20:33:22.473" endtime="20231117 20:33:22.474"/>
</kw>
<status status="PASS" starttime="20231117 20:33:22.459" endtime="20231117 20:33:22.474"/>
</kw>
<kw name="Set Username">
<arg>kalle</arg>
<kw name="Input Text" library="SeleniumLibrary">
<arg>username</arg>
<arg>${username}</arg>
<doc>Types the given ``text`` into the text field identified by ``locator``.</doc>
<msg timestamp="20231117 20:33:22.475" level="INFO">Typing text 'kalle' into text field 'username'.</msg>
<status status="PASS" starttime="20231117 20:33:22.475" endtime="20231117 20:33:22.511"/>
</kw>
<status status="PASS" starttime="20231117 20:33:22.475" endtime="20231117 20:33:22.511"/>
</kw>
<kw name="Set Password">
<arg>kalle456</arg>
<kw name="Input Password" library="SeleniumLibrary">
<arg>password</arg>
<arg>${password}</arg>
<doc>Types the given password into the text field identified by ``locator``.</doc>
<msg timestamp="20231117 20:33:22.511" level="INFO">Typing password into text field 'password'.</msg>
<msg timestamp="20231117 20:33:22.526" level="INFO">Temporally setting log level to: NONE</msg>
<msg timestamp="20231117 20:33:22.546" level="INFO">Log level changed from NONE to INFO.</msg>
<status status="PASS" starttime="20231117 20:33:22.511" endtime="20231117 20:33:22.546"/>
</kw>
<status status="PASS" starttime="20231117 20:33:22.511" endtime="20231117 20:33:22.546"/>
</kw>
<kw name="Submit Credentials">
<kw name="Click Button" library="SeleniumLibrary">
<arg>Login</arg>
<doc>Clicks the button identified by ``locator``.</doc>
<msg timestamp="20231117 20:33:22.546" level="INFO">Clicking button 'Login'.</msg>
<status status="PASS" starttime="20231117 20:33:22.546" endtime="20231117 20:33:22.576"/>
</kw>
<status status="PASS" starttime="20231117 20:33:22.546" endtime="20231117 20:33:22.576"/>
</kw>
<kw name="Login Should Fail With Message">
<arg>Invalid username or password</arg>
<kw name="Login Page Should Be Open" library="resource">
<kw name="Title Should Be" library="SeleniumLibrary">
<arg>Login</arg>
<doc>Verifies that the current page title equals ``title``.</doc>
<msg timestamp="20231117 20:33:22.578" level="INFO">Page title is 'Login'.</msg>
<status status="PASS" starttime="20231117 20:33:22.576" endtime="20231117 20:33:22.578"/>
</kw>
<status status="PASS" starttime="20231117 20:33:22.576" endtime="20231117 20:33:22.578"/>
</kw>
<kw name="Page Should Contain" library="SeleniumLibrary">
<arg>${message}</arg>
<doc>Verifies that current page contains ``text``.</doc>
<msg timestamp="20231117 20:33:22.586" level="INFO">Current page contains text 'Invalid username or password'.</msg>
<status status="PASS" starttime="20231117 20:33:22.578" endtime="20231117 20:33:22.586"/>
</kw>
<status status="PASS" starttime="20231117 20:33:22.576" endtime="20231117 20:33:22.586"/>
</kw>
<status status="PASS" starttime="20231117 20:33:22.459" endtime="20231117 20:33:22.586"/>
</test>
<kw name="Close Browser" library="SeleniumLibrary" type="TEARDOWN">
<doc>Closes the current browser.</doc>
<status status="PASS" starttime="20231117 20:33:22.586" endtime="20231117 20:33:22.646"/>
</kw>
<status status="PASS" starttime="20231117 20:33:21.507" endtime="20231117 20:33:22.646"/>
</suite>
<suite id="s1-s3" name="Register" source="/home/pakkanep/koulu/palautusrepositorio/viikko3/web-login/src/tests/register.robot">
<kw name="Open And Configure Browser" library="resource" type="SETUP">
<kw name="Evaluate" library="BuiltIn">
<var>${options}</var>
<arg>sys.modules['selenium.webdriver'].ChromeOptions()</arg>
<arg>sys</arg>
<doc>Evaluates the given expression in Python and returns the result.</doc>
<msg timestamp="20231117 20:33:22.652" level="INFO">${options} = &lt;selenium.webdriver.chrome.options.Options object at 0x7efc1898e190&gt;</msg>
<status status="PASS" starttime="20231117 20:33:22.652" endtime="20231117 20:33:22.653"/>
</kw>
<kw name="Call Method" library="BuiltIn">
<arg>${options}</arg>
<arg>add_argument</arg>
<arg>--no-sandbox</arg>
<doc>Calls the named method of the given object with the provided arguments.</doc>
<status status="PASS" starttime="20231117 20:33:22.653" endtime="20231117 20:33:22.653"/>
</kw>
<kw name="Call Method" library="BuiltIn">
<arg>${options}</arg>
<arg>add_argument</arg>
<arg>--headless</arg>
<doc>Calls the named method of the given object with the provided arguments.</doc>
<status status="PASS" starttime="20231117 20:33:22.653" endtime="20231117 20:33:22.653"/>
</kw>
<kw name="Open Browser" library="SeleniumLibrary">
<arg>browser=chrome</arg>
<arg>options=${options}</arg>
<doc>Opens a new browser instance to the optional ``url``.</doc>
<msg timestamp="20231117 20:33:22.654" level="INFO">Opening browser 'chrome' to base url 'None'.</msg>
<status status="PASS" starttime="20231117 20:33:22.653" endtime="20231117 20:33:23.330"/>
</kw>
<kw name="Set Selenium Speed" library="SeleniumLibrary">
<arg>${DELAY}</arg>
<doc>Sets the delay that is waited after each Selenium command.</doc>
<status status="PASS" starttime="20231117 20:33:23.330" endtime="20231117 20:33:23.330"/>
</kw>
<status status="PASS" starttime="20231117 20:33:22.652" endtime="20231117 20:33:23.330"/>
</kw>
<test id="s1-s3-t1" name="Register With Valid Username And Password" line="8">
<kw name="Create User And Go To Register Page" type="SETUP">
<kw name="Create User" library="AppLibrary">
<arg>kalle</arg>
<arg>kalle123</arg>
<status status="PASS" starttime="20231117 20:33:23.330" endtime="20231117 20:33:23.335"/>
</kw>
<kw name="Go To Register Page" library="resource">
<kw name="Go To" library="SeleniumLibrary">
<arg>${REGISTER_URL}</arg>
<doc>Navigates the current browser window to the provided ``url``.</doc>
<msg timestamp="20231117 20:33:23.335" level="INFO">Opening url 'http://localhost:5001/register'</msg>
<status status="PASS" starttime="20231117 20:33:23.335" endtime="20231117 20:33:23.364"/>
</kw>
<status status="PASS" starttime="20231117 20:33:23.335" endtime="20231117 20:33:23.364"/>
</kw>
<kw name="Register Page Should Be Open" library="resource">
<kw name="Title Should Be" library="SeleniumLibrary">
<arg>Register</arg>
<doc>Verifies that the current page title equals ``title``.</doc>
<msg timestamp="20231117 20:33:23.367" level="INFO">Page title is 'Register'.</msg>
<status status="PASS" starttime="20231117 20:33:23.364" endtime="20231117 20:33:23.367"/>
</kw>
<status status="PASS" starttime="20231117 20:33:23.364" endtime="20231117 20:33:23.367"/>
</kw>
<status status="PASS" starttime="20231117 20:33:23.330" endtime="20231117 20:33:23.367"/>
</kw>
<kw name="Set Username">
<arg>paavo</arg>
<kw name="Input Text" library="SeleniumLibrary">
<arg>username</arg>
<arg>${username}</arg>
<doc>Types the given ``text`` into the text field identified by ``locator``.</doc>
<msg timestamp="20231117 20:33:23.367" level="INFO">Typing text 'paavo' into text field 'username'.</msg>
<status status="PASS" starttime="20231117 20:33:23.367" endtime="20231117 20:33:23.421"/>
</kw>
<status status="PASS" starttime="20231117 20:33:23.367" endtime="20231117 20:33:23.421"/>
</kw>
<kw name="Set Password">
<arg>paavo1234</arg>
<kw name="Input Password" library="SeleniumLibrary">
<arg>password</arg>
<arg>${password}</arg>
<doc>Types the given password into the text field identified by ``locator``.</doc>
<msg timestamp="20231117 20:33:23.422" level="INFO">Typing password into text field 'password'.</msg>
<msg timestamp="20231117 20:33:23.440" level="INFO">Temporally setting log level to: NONE</msg>
<msg timestamp="20231117 20:33:23.461" level="INFO">Log level changed from NONE to INFO.</msg>
<status status="PASS" starttime="20231117 20:33:23.421" endtime="20231117 20:33:23.461"/>
</kw>
<status status="PASS" starttime="20231117 20:33:23.421" endtime="20231117 20:33:23.461"/>
</kw>
<kw name="Set Password Confirmation">
<arg>paavo1234</arg>
<kw name="Input Password" library="SeleniumLibrary">
<arg>password_confirmation</arg>
<arg>${password_confirmation}</arg>
<doc>Types the given password into the text field identified by ``locator``.</doc>
<msg timestamp="20231117 20:33:23.462" level="INFO">Typing password into text field 'password_confirmation'.</msg>
<msg timestamp="20231117 20:33:23.480" level="INFO">Temporally setting log level to: NONE</msg>
<msg timestamp="20231117 20:33:23.499" level="INFO">Log level changed from NONE to INFO.</msg>
<status status="PASS" starttime="20231117 20:33:23.461" endtime="20231117 20:33:23.499"/>
</kw>
<status status="PASS" starttime="20231117 20:33:23.461" endtime="20231117 20:33:23.499"/>
</kw>
<kw name="Click Button" library="SeleniumLibrary">
<arg>Register</arg>
<doc>Clicks the button identified by ``locator``.</doc>
<msg timestamp="20231117 20:33:23.499" level="INFO">Clicking button 'Register'.</msg>
<status status="PASS" starttime="20231117 20:33:23.499" endtime="20231117 20:33:23.538"/>
</kw>
<kw name="Register Should Succeed">
<kw name="Welcome Page Should Be Open" library="resource">
<kw name="Title Should Be" library="SeleniumLibrary">
<arg>Welcome to Ohtu Application!</arg>
<doc>Verifies that the current page title equals ``title``.</doc>
<msg timestamp="20231117 20:33:23.540" level="INFO">Page title is 'Welcome to Ohtu Application!'.</msg>
<status status="PASS" starttime="20231117 20:33:23.538" endtime="20231117 20:33:23.540"/>
</kw>
<status status="PASS" starttime="20231117 20:33:23.538" endtime="20231117 20:33:23.540"/>
</kw>
<status status="PASS" starttime="20231117 20:33:23.538" endtime="20231117 20:33:23.540"/>
</kw>
<status status="PASS" starttime="20231117 20:33:23.330" endtime="20231117 20:33:23.541"/>
</test>
<test id="s1-s3-t2" name="Register With Too Short Username And Valid Password" line="15">
<kw name="Create User And Go To Register Page" type="SETUP">
<kw name="Create User" library="AppLibrary">
<arg>kalle</arg>
<arg>kalle123</arg>
<status status="PASS" starttime="20231117 20:33:23.541" endtime="20231117 20:33:23.547"/>
</kw>
<kw name="Go To Register Page" library="resource">
<kw name="Go To" library="SeleniumLibrary">
<arg>${REGISTER_URL}</arg>
<doc>Navigates the current browser window to the provided ``url``.</doc>
<msg timestamp="20231117 20:33:23.547" level="INFO">Opening url 'http://localhost:5001/register'</msg>
<status status="PASS" starttime="20231117 20:33:23.547" endtime="20231117 20:33:23.554"/>
</kw>
<status status="PASS" starttime="20231117 20:33:23.547" endtime="20231117 20:33:23.554"/>
</kw>
<kw name="Register Page Should Be Open" library="resource">
<kw name="Title Should Be" library="SeleniumLibrary">
<arg>Register</arg>
<doc>Verifies that the current page title equals ``title``.</doc>
<msg timestamp="20231117 20:33:23.557" level="INFO">Page title is 'Register'.</msg>
<status status="PASS" starttime="20231117 20:33:23.555" endtime="20231117 20:33:23.557"/>
</kw>
<status status="PASS" starttime="20231117 20:33:23.554" endtime="20231117 20:33:23.557"/>
</kw>
<status status="PASS" starttime="20231117 20:33:23.541" endtime="20231117 20:33:23.557"/>
</kw>
<kw name="Set Username">
<arg>pa</arg>
<kw name="Input Text" library="SeleniumLibrary">
<arg>username</arg>
<arg>${username}</arg>
<doc>Types the given ``text`` into the text field identified by ``locator``.</doc>
<msg timestamp="20231117 20:33:23.557" level="INFO">Typing text 'pa' into text field 'username'.</msg>
<status status="PASS" starttime="20231117 20:33:23.557" endtime="20231117 20:33:23.591"/>
</kw>
<status status="PASS" starttime="20231117 20:33:23.557" endtime="20231117 20:33:23.591"/>
</kw>
<kw name="Set Password">
<arg>paavo1234</arg>
<kw name="Input Password" library="SeleniumLibrary">
<arg>password</arg>
<arg>${password}</arg>
<doc>Types the given password into the text field identified by ``locator``.</doc>
<msg timestamp="20231117 20:33:23.592" level="INFO">Typing password into text field 'password'.</msg>
<msg timestamp="20231117 20:33:23.608" level="INFO">Temporally setting log level to: NONE</msg>
<msg timestamp="20231117 20:33:23.628" level="INFO">Log level changed from NONE to INFO.</msg>
<status status="PASS" starttime="20231117 20:33:23.592" endtime="20231117 20:33:23.628"/>
</kw>
<status status="PASS" starttime="20231117 20:33:23.591" endtime="20231117 20:33:23.628"/>
</kw>
<kw name="Set Password Confirmation">
<arg>paavo1234</arg>
<kw name="Input Password" library="SeleniumLibrary">
<arg>password_confirmation</arg>
<arg>${password_confirmation}</arg>
<doc>Types the given password into the text field identified by ``locator``.</doc>
<msg timestamp="20231117 20:33:23.628" level="INFO">Typing password into text field 'password_confirmation'.</msg>
<msg timestamp="20231117 20:33:23.644" level="INFO">Temporally setting log level to: NONE</msg>
<msg timestamp="20231117 20:33:23.663" level="INFO">Log level changed from NONE to INFO.</msg>
<status status="PASS" starttime="20231117 20:33:23.628" endtime="20231117 20:33:23.663"/>
</kw>
<status status="PASS" starttime="20231117 20:33:23.628" endtime="20231117 20:33:23.663"/>
</kw>
<kw name="Click Button" library="SeleniumLibrary">
<arg>Register</arg>
<doc>Clicks the button identified by ``locator``.</doc>
<msg timestamp="20231117 20:33:23.663" level="INFO">Clicking button 'Register'.</msg>
<status status="PASS" starttime="20231117 20:33:23.663" endtime="20231117 20:33:23.692"/>
</kw>
<kw name="Register Should Fail With Message">
<arg>Username has to consist of 3 characters minimum</arg>
<kw name="Register Page Should Be Open" library="resource">
<kw name="Title Should Be" library="SeleniumLibrary">
<arg>Register</arg>
<doc>Verifies that the current page title equals ``title``.</doc>
<msg timestamp="20231117 20:33:23.695" level="INFO">Page title is 'Register'.</msg>
<status status="PASS" starttime="20231117 20:33:23.693" endtime="20231117 20:33:23.695"/>
</kw>
<status status="PASS" starttime="20231117 20:33:23.693" endtime="20231117 20:33:23.696"/>
</kw>
<kw name="Page Should Contain" library="SeleniumLibrary">
<arg>${message}</arg>
<doc>Verifies that current page contains ``text``.</doc>
<msg timestamp="20231117 20:33:23.703" level="INFO">Current page contains text 'Username has to consist of 3 characters minimum'.</msg>
<status status="PASS" starttime="20231117 20:33:23.696" endtime="20231117 20:33:23.703"/>
</kw>
<status status="PASS" starttime="20231117 20:33:23.693" endtime="20231117 20:33:23.703"/>
</kw>
<status status="PASS" starttime="20231117 20:33:23.541" endtime="20231117 20:33:23.703"/>
</test>
<test id="s1-s3-t3" name="Register With Valid Username And Invalid Password" line="22">
<kw name="Create User And Go To Register Page" type="SETUP">
<kw name="Create User" library="AppLibrary">
<arg>kalle</arg>
<arg>kalle123</arg>
<status status="PASS" starttime="20231117 20:33:23.704" endtime="20231117 20:33:23.708"/>
</kw>
<kw name="Go To Register Page" library="resource">
<kw name="Go To" library="SeleniumLibrary">
<arg>${REGISTER_URL}</arg>
<doc>Navigates the current browser window to the provided ``url``.</doc>
<msg timestamp="20231117 20:33:23.709" level="INFO">Opening url 'http://localhost:5001/register'</msg>
<status status="PASS" starttime="20231117 20:33:23.709" endtime="20231117 20:33:23.716"/>
</kw>
<status status="PASS" starttime="20231117 20:33:23.708" endtime="20231117 20:33:23.716"/>
</kw>
<kw name="Register Page Should Be Open" library="resource">
<kw name="Title Should Be" library="SeleniumLibrary">
<arg>Register</arg>
<doc>Verifies that the current page title equals ``title``.</doc>
<msg timestamp="20231117 20:33:23.718" level="INFO">Page title is 'Register'.</msg>
<status status="PASS" starttime="20231117 20:33:23.716" endtime="20231117 20:33:23.718"/>
</kw>
<status status="PASS" starttime="20231117 20:33:23.716" endtime="20231117 20:33:23.718"/>
</kw>
<status status="PASS" starttime="20231117 20:33:23.704" endtime="20231117 20:33:23.718"/>
</kw>
<kw name="Set Username">
<arg>pekka</arg>
<kw name="Input Text" library="SeleniumLibrary">
<arg>username</arg>
<arg>${username}</arg>
<doc>Types the given ``text`` into the text field identified by ``locator``.</doc>
<msg timestamp="20231117 20:33:23.718" level="INFO">Typing text 'pekka' into text field 'username'.</msg>
<status status="PASS" starttime="20231117 20:33:23.718" endtime="20231117 20:33:23.753"/>
</kw>
<status status="PASS" starttime="20231117 20:33:23.718" endtime="20231117 20:33:23.753"/>
</kw>
<kw name="Set Password">
<arg>pekka</arg>
<kw name="Input Password" library="SeleniumLibrary">
<arg>password</arg>
<arg>${password}</arg>
<doc>Types the given password into the text field identified by ``locator``.</doc>
<msg timestamp="20231117 20:33:23.753" level="INFO">Typing password into text field 'password'.</msg>
<msg timestamp="20231117 20:33:23.769" level="INFO">Temporally setting log level to: NONE</msg>
<msg timestamp="20231117 20:33:23.788" level="INFO">Log level changed from NONE to INFO.</msg>
<status status="PASS" starttime="20231117 20:33:23.753" endtime="20231117 20:33:23.788"/>
</kw>
<status status="PASS" starttime="20231117 20:33:23.753" endtime="20231117 20:33:23.788"/>
</kw>
<kw name="Set Password Confirmation">
<arg>pekka</arg>
<kw name="Input Password" library="SeleniumLibrary">
<arg>password_confirmation</arg>
<arg>${password_confirmation}</arg>
<doc>Types the given password into the text field identified by ``locator``.</doc>
<msg timestamp="20231117 20:33:23.789" level="INFO">Typing password into text field 'password_confirmation'.</msg>
<msg timestamp="20231117 20:33:23.804" level="INFO">Temporally setting log level to: NONE</msg>
<msg timestamp="20231117 20:33:23.823" level="INFO">Log level changed from NONE to INFO.</msg>
<status status="PASS" starttime="20231117 20:33:23.788" endtime="20231117 20:33:23.823"/>
</kw>
<status status="PASS" starttime="20231117 20:33:23.788" endtime="20231117 20:33:23.823"/>
</kw>
<kw name="Click Button" library="SeleniumLibrary">
<arg>Register</arg>
<doc>Clicks the button identified by ``locator``.</doc>
<msg timestamp="20231117 20:33:23.824" level="INFO">Clicking button 'Register'.</msg>
<status status="PASS" starttime="20231117 20:33:23.823" endtime="20231117 20:33:23.854"/>
</kw>
<kw name="Register Should Fail With Message">
<arg>Password has to be atleast 8 characters long and consist of letters and atleast 1 number</arg>
<kw name="Register Page Should Be Open" library="resource">
<kw name="Title Should Be" library="SeleniumLibrary">
<arg>Register</arg>
<doc>Verifies that the current page title equals ``title``.</doc>
<msg timestamp="20231117 20:33:23.856" level="INFO">Page title is 'Register'.</msg>
<status status="PASS" starttime="20231117 20:33:23.855" endtime="20231117 20:33:23.856"/>
</kw>
<status status="PASS" starttime="20231117 20:33:23.854" endtime="20231117 20:33:23.856"/>
</kw>
<kw name="Page Should Contain" library="SeleniumLibrary">
<arg>${message}</arg>
<doc>Verifies that current page contains ``text``.</doc>
<msg timestamp="20231117 20:33:23.865" level="INFO">Current page contains text 'Password has to be atleast 8 characters long and consist of letters and atleast 1 number'.</msg>
<status status="PASS" starttime="20231117 20:33:23.857" endtime="20231117 20:33:23.865"/>
</kw>
<status status="PASS" starttime="20231117 20:33:23.854" endtime="20231117 20:33:23.865"/>
</kw>
<status status="PASS" starttime="20231117 20:33:23.703" endtime="20231117 20:33:23.865"/>
</test>
<test id="s1-s3-t4" name="Register With Nonmatching Password And Password Confirmation" line="29">
<kw name="Create User And Go To Register Page" type="SETUP">
<kw name="Create User" library="AppLibrary">
<arg>kalle</arg>
<arg>kalle123</arg>
<status status="PASS" starttime="20231117 20:33:23.866" endtime="20231117 20:33:23.871"/>
</kw>
<kw name="Go To Register Page" library="resource">
<kw name="Go To" library="SeleniumLibrary">
<arg>${REGISTER_URL}</arg>
<doc>Navigates the current browser window to the provided ``url``.</doc>
<msg timestamp="20231117 20:33:23.871" level="INFO">Opening url 'http://localhost:5001/register'</msg>
<status status="PASS" starttime="20231117 20:33:23.871" endtime="20231117 20:33:23.879"/>
</kw>
<status status="PASS" starttime="20231117 20:33:23.871" endtime="20231117 20:33:23.879"/>
</kw>
<kw name="Register Page Should Be Open" library="resource">
<kw name="Title Should Be" library="SeleniumLibrary">
<arg>Register</arg>
<doc>Verifies that the current page title equals ``title``.</doc>
<msg timestamp="20231117 20:33:23.881" level="INFO">Page title is 'Register'.</msg>
<status status="PASS" starttime="20231117 20:33:23.879" endtime="20231117 20:33:23.881"/>
</kw>
<status status="PASS" starttime="20231117 20:33:23.879" endtime="20231117 20:33:23.881"/>
</kw>
<status status="PASS" starttime="20231117 20:33:23.865" endtime="20231117 20:33:23.881"/>
</kw>
<kw name="Set Username">
<arg>pertti</arg>
<kw name="Input Text" library="SeleniumLibrary">
<arg>username</arg>
<arg>${username}</arg>
<doc>Types the given ``text`` into the text field identified by ``locator``.</doc>
<msg timestamp="20231117 20:33:23.882" level="INFO">Typing text 'pertti' into text field 'username'.</msg>
<status status="PASS" starttime="20231117 20:33:23.881" endtime="20231117 20:33:23.917"/>
</kw>
<status status="PASS" starttime="20231117 20:33:23.881" endtime="20231117 20:33:23.917"/>
</kw>
<kw name="Set Password">
<arg>pertti1</arg>
<kw name="Input Password" library="SeleniumLibrary">
<arg>password</arg>
<arg>${password}</arg>
<doc>Types the given password into the text field identified by ``locator``.</doc>
<msg timestamp="20231117 20:33:23.917" level="INFO">Typing password into text field 'password'.</msg>
<msg timestamp="20231117 20:33:23.933" level="INFO">Temporally setting log level to: NONE</msg>
<msg timestamp="20231117 20:33:23.953" level="INFO">Log level changed from NONE to INFO.</msg>
<status status="PASS" starttime="20231117 20:33:23.917" endtime="20231117 20:33:23.953"/>
</kw>
<status status="PASS" starttime="20231117 20:33:23.917" endtime="20231117 20:33:23.953"/>
</kw>
<kw name="Set Password Confirmation">
<arg>pertti2</arg>
<kw name="Input Password" library="SeleniumLibrary">
<arg>password_confirmation</arg>
<arg>${password_confirmation}</arg>
<doc>Types the given password into the text field identified by ``locator``.</doc>
<msg timestamp="20231117 20:33:23.954" level="INFO">Typing password into text field 'password_confirmation'.</msg>
<msg timestamp="20231117 20:33:23.970" level="INFO">Temporally setting log level to: NONE</msg>
<msg timestamp="20231117 20:33:23.989" level="INFO">Log level changed from NONE to INFO.</msg>
<status status="PASS" starttime="20231117 20:33:23.953" endtime="20231117 20:33:23.989"/>
</kw>
<status status="PASS" starttime="20231117 20:33:23.953" endtime="20231117 20:33:23.989"/>
</kw>
<kw name="Click Button" library="SeleniumLibrary">
<arg>Register</arg>
<doc>Clicks the button identified by ``locator``.</doc>
<msg timestamp="20231117 20:33:23.989" level="INFO">Clicking button 'Register'.</msg>
<status status="PASS" starttime="20231117 20:33:23.989" endtime="20231117 20:33:24.019"/>
</kw>
<kw name="Register Should Fail With Message">
<arg>Given passwords do not match</arg>
<kw name="Register Page Should Be Open" library="resource">
<kw name="Title Should Be" library="SeleniumLibrary">
<arg>Register</arg>
<doc>Verifies that the current page title equals ``title``.</doc>
<msg timestamp="20231117 20:33:24.022" level="INFO">Page title is 'Register'.</msg>
<status status="PASS" starttime="20231117 20:33:24.020" endtime="20231117 20:33:24.022"/>
</kw>
<status status="PASS" starttime="20231117 20:33:24.020" endtime="20231117 20:33:24.022"/>
</kw>
<kw name="Page Should Contain" library="SeleniumLibrary">
<arg>${message}</arg>
<doc>Verifies that current page contains ``text``.</doc>
<msg timestamp="20231117 20:33:24.030" level="INFO">Current page contains text 'Given passwords do not match'.</msg>
<status status="PASS" starttime="20231117 20:33:24.022" endtime="20231117 20:33:24.031"/>
</kw>
<status status="PASS" starttime="20231117 20:33:24.020" endtime="20231117 20:33:24.031"/>
</kw>
<status status="PASS" starttime="20231117 20:33:23.865" endtime="20231117 20:33:24.031"/>
</test>
<test id="s1-s3-t5" name="Login After Successful Registration" line="36">
<kw name="Create User And Go To Register Page" type="SETUP">
<kw name="Create User" library="AppLibrary">
<arg>kalle</arg>
<arg>kalle123</arg>
<status status="PASS" starttime="20231117 20:33:24.031" endtime="20231117 20:33:24.036"/>
</kw>
<kw name="Go To Register Page" library="resource">
<kw name="Go To" library="SeleniumLibrary">
<arg>${REGISTER_URL}</arg>
<doc>Navigates the current browser window to the provided ``url``.</doc>
<msg timestamp="20231117 20:33:24.036" level="INFO">Opening url 'http://localhost:5001/register'</msg>
<status status="PASS" starttime="20231117 20:33:24.036" endtime="20231117 20:33:24.043"/>
</kw>
<status status="PASS" starttime="20231117 20:33:24.036" endtime="20231117 20:33:24.043"/>
</kw>
<kw name="Register Page Should Be Open" library="resource">
<kw name="Title Should Be" library="SeleniumLibrary">
<arg>Register</arg>
<doc>Verifies that the current page title equals ``title``.</doc>
<msg timestamp="20231117 20:33:24.045" level="INFO">Page title is 'Register'.</msg>
<status status="PASS" starttime="20231117 20:33:24.043" endtime="20231117 20:33:24.045"/>
</kw>
<status status="PASS" starttime="20231117 20:33:24.043" endtime="20231117 20:33:24.045"/>
</kw>
<status status="PASS" starttime="20231117 20:33:24.031" endtime="20231117 20:33:24.045"/>
</kw>
<kw name="Set Username">
<arg>petteri</arg>
<kw name="Input Text" library="SeleniumLibrary">
<arg>username</arg>
<arg>${username}</arg>
<doc>Types the given ``text`` into the text field identified by ``locator``.</doc>
<msg timestamp="20231117 20:33:24.046" level="INFO">Typing text 'petteri' into text field 'username'.</msg>
<status status="PASS" starttime="20231117 20:33:24.045" endtime="20231117 20:33:24.080"/>
</kw>
<status status="PASS" starttime="20231117 20:33:24.045" endtime="20231117 20:33:24.080"/>
</kw>
<kw name="Set Password">
<arg>petteri1234</arg>
<kw name="Input Password" library="SeleniumLibrary">
<arg>password</arg>
<arg>${password}</arg>
<doc>Types the given password into the text field identified by ``locator``.</doc>
<msg timestamp="20231117 20:33:24.081" level="INFO">Typing password into text field 'password'.</msg>
<msg timestamp="20231117 20:33:24.097" level="INFO">Temporally setting log level to: NONE</msg>
<msg timestamp="20231117 20:33:24.117" level="INFO">Log level changed from NONE to INFO.</msg>
<status status="PASS" starttime="20231117 20:33:24.081" endtime="20231117 20:33:24.117"/>
</kw>
<status status="PASS" starttime="20231117 20:33:24.080" endtime="20231117 20:33:24.117"/>
</kw>
<kw name="Set Password Confirmation">
<arg>petteri1234</arg>
<kw name="Input Password" library="SeleniumLibrary">
<arg>password_confirmation</arg>
<arg>${password_confirmation}</arg>
<doc>Types the given password into the text field identified by ``locator``.</doc>
<msg timestamp="20231117 20:33:24.117" level="INFO">Typing password into text field 'password_confirmation'.</msg>
<msg timestamp="20231117 20:33:24.134" level="INFO">Temporally setting log level to: NONE</msg>
<msg timestamp="20231117 20:33:24.153" level="INFO">Log level changed from NONE to INFO.</msg>
<status status="PASS" starttime="20231117 20:33:24.117" endtime="20231117 20:33:24.153"/>
</kw>
<status status="PASS" starttime="20231117 20:33:24.117" endtime="20231117 20:33:24.153"/>
</kw>
<kw name="Click Button" library="SeleniumLibrary">
<arg>Register</arg>
<doc>Clicks the button identified by ``locator``.</doc>
<msg timestamp="20231117 20:33:24.153" level="INFO">Clicking button 'Register'.</msg>
<status status="PASS" starttime="20231117 20:33:24.153" endtime="20231117 20:33:24.182"/>
</kw>
<kw name="Register Should Succeed">
<kw name="Welcome Page Should Be Open" library="resource">
<kw name="Title Should Be" library="SeleniumLibrary">
<arg>Welcome to Ohtu Application!</arg>
<doc>Verifies that the current page title equals ``title``.</doc>
<msg timestamp="20231117 20:33:24.185" level="INFO">Page title is 'Welcome to Ohtu Application!'.</msg>
<status status="PASS" starttime="20231117 20:33:24.183" endtime="20231117 20:33:24.185"/>
</kw>
<status status="PASS" starttime="20231117 20:33:24.183" endtime="20231117 20:33:24.185"/>
</kw>
<status status="PASS" starttime="20231117 20:33:24.182" endtime="20231117 20:33:24.185"/>
</kw>
<kw name="Click Link" library="SeleniumLibrary">
<arg>Continue to main page</arg>
<doc>Clicks a link identified by ``locator``.</doc>
<msg timestamp="20231117 20:33:24.185" level="INFO">Clicking link 'Continue to main page'.</msg>
<status status="PASS" starttime="20231117 20:33:24.185" endtime="20231117 20:33:24.214"/>
</kw>
<kw name="Main Page Should Be Open" library="resource">
<kw name="Title Should Be" library="SeleniumLibrary">
<arg>Ohtu Application main page</arg>
<doc>Verifies that the current page title equals ``title``.</doc>
<msg timestamp="20231117 20:33:24.217" level="INFO">Page title is 'Ohtu Application main page'.</msg>
<status status="PASS" starttime="20231117 20:33:24.215" endtime="20231117 20:33:24.217"/>
</kw>
<status status="PASS" starttime="20231117 20:33:24.215" endtime="20231117 20:33:24.217"/>
</kw>
<kw name="Click Button" library="SeleniumLibrary">
<arg>Logout</arg>
<doc>Clicks the button identified by ``locator``.</doc>
<msg timestamp="20231117 20:33:24.217" level="INFO">Clicking button 'Logout'.</msg>
<status status="PASS" starttime="20231117 20:33:24.217" endtime="20231117 20:33:24.255"/>
</kw>
<kw name="Login Page Should Be Open" library="resource">
<kw name="Title Should Be" library="SeleniumLibrary">
<arg>Login</arg>
<doc>Verifies that the current page title equals ``title``.</doc>
<msg timestamp="20231117 20:33:24.257" level="INFO">Page title is 'Login'.</msg>
<status status="PASS" starttime="20231117 20:33:24.255" endtime="20231117 20:33:24.257"/>
</kw>
<status status="PASS" starttime="20231117 20:33:24.255" endtime="20231117 20:33:24.257"/>
</kw>
<kw name="Set Username">
<arg>petteri</arg>
<kw name="Input Text" library="SeleniumLibrary">
<arg>username</arg>
<arg>${username}</arg>
<doc>Types the given ``text`` into the text field identified by ``locator``.</doc>
<msg timestamp="20231117 20:33:24.258" level="INFO">Typing text 'petteri' into text field 'username'.</msg>
<status status="PASS" starttime="20231117 20:33:24.258" endtime="20231117 20:33:24.294"/>
</kw>
<status status="PASS" starttime="20231117 20:33:24.257" endtime="20231117 20:33:24.294"/>
</kw>
<kw name="Set Password">
<arg>petteri1234</arg>
<kw name="Input Password" library="SeleniumLibrary">
<arg>password</arg>
<arg>${password}</arg>
<doc>Types the given password into the text field identified by ``locator``.</doc>
<msg timestamp="20231117 20:33:24.295" level="INFO">Typing password into text field 'password'.</msg>
<msg timestamp="20231117 20:33:24.311" level="INFO">Temporally setting log level to: NONE</msg>
<msg timestamp="20231117 20:33:24.330" level="INFO">Log level changed from NONE to INFO.</msg>
<status status="PASS" starttime="20231117 20:33:24.295" endtime="20231117 20:33:24.330"/>
</kw>
<status status="PASS" starttime="20231117 20:33:24.294" endtime="20231117 20:33:24.330"/>
</kw>
<kw name="Submit Credentials">
<kw name="Click Button" library="SeleniumLibrary">
<arg>Login</arg>
<doc>Clicks the button identified by ``locator``.</doc>
<msg timestamp="20231117 20:33:24.331" level="INFO">Clicking button 'Login'.</msg>
<status status="PASS" starttime="20231117 20:33:24.330" endtime="20231117 20:33:24.367"/>
</kw>
<status status="PASS" starttime="20231117 20:33:24.330" endtime="20231117 20:33:24.367"/>
</kw>
<kw name="Login Should Succeed">
<kw name="Main Page Should Be Open" library="resource">
<kw name="Title Should Be" library="SeleniumLibrary">
<arg>Ohtu Application main page</arg>
<doc>Verifies that the current page title equals ``title``.</doc>
<msg timestamp="20231117 20:33:24.370" level="INFO">Page title is 'Ohtu Application main page'.</msg>
<status status="PASS" starttime="20231117 20:33:24.368" endtime="20231117 20:33:24.370"/>
</kw>
<status status="PASS" starttime="20231117 20:33:24.368" endtime="20231117 20:33:24.370"/>
</kw>
<status status="PASS" starttime="20231117 20:33:24.368" endtime="20231117 20:33:24.370"/>
</kw>
<status status="PASS" starttime="20231117 20:33:24.031" endtime="20231117 20:33:24.370"/>
</test>
<test id="s1-s3-t6" name="Login After Failed Registration" line="51">
<kw name="Create User And Go To Register Page" type="SETUP">
<kw name="Create User" library="AppLibrary">
<arg>kalle</arg>
<arg>kalle123</arg>
<status status="PASS" starttime="20231117 20:33:24.371" endtime="20231117 20:33:24.375"/>
</kw>
<kw name="Go To Register Page" library="resource">
<kw name="Go To" library="SeleniumLibrary">
<arg>${REGISTER_URL}</arg>
<doc>Navigates the current browser window to the provided ``url``.</doc>
<msg timestamp="20231117 20:33:24.376" level="INFO">Opening url 'http://localhost:5001/register'</msg>
<status status="PASS" starttime="20231117 20:33:24.376" endtime="20231117 20:33:24.383"/>
</kw>
<status status="PASS" starttime="20231117 20:33:24.376" endtime="20231117 20:33:24.383"/>
</kw>
<kw name="Register Page Should Be Open" library="resource">
<kw name="Title Should Be" library="SeleniumLibrary">
<arg>Register</arg>
<doc>Verifies that the current page title equals ``title``.</doc>
<msg timestamp="20231117 20:33:24.384" level="INFO">Page title is 'Register'.</msg>
<status status="PASS" starttime="20231117 20:33:24.383" endtime="20231117 20:33:24.385"/>
</kw>
<status status="PASS" starttime="20231117 20:33:24.383" endtime="20231117 20:33:24.385"/>
</kw>
<status status="PASS" starttime="20231117 20:33:24.371" endtime="20231117 20:33:24.385"/>
</kw>
<kw name="Set Username">
<arg>pa</arg>
<kw name="Input Text" library="SeleniumLibrary">
<arg>username</arg>
<arg>${username}</arg>
<doc>Types the given ``text`` into the text field identified by ``locator``.</doc>
<msg timestamp="20231117 20:33:24.385" level="INFO">Typing text 'pa' into text field 'username'.</msg>
<status status="PASS" starttime="20231117 20:33:24.385" endtime="20231117 20:33:24.420"/>
</kw>
<status status="PASS" starttime="20231117 20:33:24.385" endtime="20231117 20:33:24.420"/>
</kw>
<kw name="Set Password">
<arg>paavo1234</arg>
<kw name="Input Password" library="SeleniumLibrary">
<arg>password</arg>
<arg>${password}</arg>
<doc>Types the given password into the text field identified by ``locator``.</doc>
<msg timestamp="20231117 20:33:24.421" level="INFO">Typing password into text field 'password'.</msg>
<msg timestamp="20231117 20:33:24.437" level="INFO">Temporally setting log level to: NONE</msg>
<msg timestamp="20231117 20:33:24.456" level="INFO">Log level changed from NONE to INFO.</msg>
<status status="PASS" starttime="20231117 20:33:24.420" endtime="20231117 20:33:24.456"/>
</kw>
<status status="PASS" starttime="20231117 20:33:24.420" endtime="20231117 20:33:24.456"/>
</kw>
<kw name="Set Password Confirmation">
<arg>paavo1234</arg>
<kw name="Input Password" library="SeleniumLibrary">
<arg>password_confirmation</arg>
<arg>${password_confirmation}</arg>
<doc>Types the given password into the text field identified by ``locator``.</doc>
<msg timestamp="20231117 20:33:24.457" level="INFO">Typing password into text field 'password_confirmation'.</msg>
<msg timestamp="20231117 20:33:24.473" level="INFO">Temporally setting log level to: NONE</msg>
<msg timestamp="20231117 20:33:24.492" level="INFO">Log level changed from NONE to INFO.</msg>
<status status="PASS" starttime="20231117 20:33:24.457" endtime="20231117 20:33:24.492"/>
</kw>
<status status="PASS" starttime="20231117 20:33:24.457" endtime="20231117 20:33:24.492"/>
</kw>
<kw name="Click Button" library="SeleniumLibrary">
<arg>Register</arg>
<doc>Clicks the button identified by ``locator``.</doc>
<msg timestamp="20231117 20:33:24.492" level="INFO">Clicking button 'Register'.</msg>
<status status="PASS" starttime="20231117 20:33:24.492" endtime="20231117 20:33:24.521"/>
</kw>
<kw name="Register Should Fail With Message">
<arg>Username has to consist of 3 characters minimum</arg>
<kw name="Register Page Should Be Open" library="resource">
<kw name="Title Should Be" library="SeleniumLibrary">
<arg>Register</arg>
<doc>Verifies that the current page title equals ``title``.</doc>
<msg timestamp="20231117 20:33:24.523" level="INFO">Page title is 'Register'.</msg>
<status status="PASS" starttime="20231117 20:33:24.521" endtime="20231117 20:33:24.523"/>
</kw>
<status status="PASS" starttime="20231117 20:33:24.521" endtime="20231117 20:33:24.523"/>
</kw>
<kw name="Page Should Contain" library="SeleniumLibrary">
<arg>${message}</arg>
<doc>Verifies that current page contains ``text``.</doc>
<msg timestamp="20231117 20:33:24.529" level="INFO">Current page contains text 'Username has to consist of 3 characters minimum'.</msg>
<status status="PASS" starttime="20231117 20:33:24.523" endtime="20231117 20:33:24.529"/>
</kw>
<status status="PASS" starttime="20231117 20:33:24.521" endtime="20231117 20:33:24.529"/>
</kw>
<kw name="Click Link" library="SeleniumLibrary">
<arg>Login</arg>
<doc>Clicks a link identified by ``locator``.</doc>
<msg timestamp="20231117 20:33:24.529" level="INFO">Clicking link 'Login'.</msg>
<status status="PASS" starttime="20231117 20:33:24.529" endtime="20231117 20:33:24.560"/>
</kw>
<kw name="Login Page Should Be Open" library="resource">
<kw name="Title Should Be" library="SeleniumLibrary">
<arg>Login</arg>
<doc>Verifies that the current page title equals ``title``.</doc>
<msg timestamp="20231117 20:33:24.562" level="INFO">Page title is 'Login'.</msg>
<status status="PASS" starttime="20231117 20:33:24.560" endtime="20231117 20:33:24.562"/>
</kw>
<status status="PASS" starttime="20231117 20:33:24.560" endtime="20231117 20:33:24.562"/>
</kw>
<kw name="Set Username">
<arg>pa</arg>
<kw name="Input Text" library="SeleniumLibrary">
<arg>username</arg>
<arg>${username}</arg>
<doc>Types the given ``text`` into the text field identified by ``locator``.</doc>
<msg timestamp="20231117 20:33:24.562" level="INFO">Typing text 'pa' into text field 'username'.</msg>
<status status="PASS" starttime="20231117 20:33:24.562" endtime="20231117 20:33:24.596"/>
</kw>
<status status="PASS" starttime="20231117 20:33:24.562" endtime="20231117 20:33:24.596"/>
</kw>
<kw name="Set Password">
<arg>paavo1234</arg>
<kw name="Input Password" library="SeleniumLibrary">
<arg>password</arg>
<arg>${password}</arg>
<doc>Types the given password into the text field identified by ``locator``.</doc>
<msg timestamp="20231117 20:33:24.597" level="INFO">Typing password into text field 'password'.</msg>
<msg timestamp="20231117 20:33:24.613" level="INFO">Temporally setting log level to: NONE</msg>
<msg timestamp="20231117 20:33:24.632" level="INFO">Log level changed from NONE to INFO.</msg>
<status status="PASS" starttime="20231117 20:33:24.596" endtime="20231117 20:33:24.632"/>
</kw>
<status status="PASS" starttime="20231117 20:33:24.596" endtime="20231117 20:33:24.632"/>
</kw>
<kw name="Submit Credentials">
<kw name="Click Button" library="SeleniumLibrary">
<arg>Login</arg>
<doc>Clicks the button identified by ``locator``.</doc>
<msg timestamp="20231117 20:33:24.633" level="INFO">Clicking button 'Login'.</msg>
<status status="PASS" starttime="20231117 20:33:24.632" endtime="20231117 20:33:24.663"/>
</kw>
<status status="PASS" starttime="20231117 20:33:24.632" endtime="20231117 20:33:24.663"/>
</kw>
<kw name="Login Should Fail With Message">
<arg>Invalid username or password</arg>
<kw name="Login Page Should Be Open" library="resource">
<kw name="Title Should Be" library="SeleniumLibrary">
<arg>Login</arg>
<doc>Verifies that the current page title equals ``title``.</doc>
<msg timestamp="20231117 20:33:24.665" level="INFO">Page title is 'Login'.</msg>
<status status="PASS" starttime="20231117 20:33:24.663" endtime="20231117 20:33:24.665"/>
</kw>
<status status="PASS" starttime="20231117 20:33:24.663" endtime="20231117 20:33:24.665"/>
</kw>
<kw name="Page Should Contain" library="SeleniumLibrary">
<arg>${message}</arg>
<doc>Verifies that current page contains ``text``.</doc>
<msg timestamp="20231117 20:33:24.674" level="INFO">Current page contains text 'Invalid username or password'.</msg>
<status status="PASS" starttime="20231117 20:33:24.665" endtime="20231117 20:33:24.674"/>
</kw>
<status status="PASS" starttime="20231117 20:33:24.663" endtime="20231117 20:33:24.674"/>
</kw>
<status status="PASS" starttime="20231117 20:33:24.371" endtime="20231117 20:33:24.674"/>
</test>
<kw name="Close Browser" library="SeleniumLibrary" type="TEARDOWN">
<doc>Closes the current browser.</doc>
<status status="PASS" starttime="20231117 20:33:24.675" endtime="20231117 20:33:24.734"/>
</kw>
<status status="PASS" starttime="20231117 20:33:22.647" endtime="20231117 20:33:24.735"/>
</suite>
<status status="PASS" starttime="20231117 20:33:20.389" endtime="20231117 20:33:24.736"/>
</suite>
<statistics>
<total>
<stat pass="11" fail="0" skip="0">All Tests</stat>
</total>
<tag>
</tag>
<suite>
<stat pass="11" fail="0" skip="0" id="s1" name="Tests">Tests</stat>
<stat pass="2" fail="0" skip="0" id="s1-s1" name="Home">Tests.Home</stat>
<stat pass="3" fail="0" skip="0" id="s1-s2" name="Login">Tests.Login</stat>
<stat pass="6" fail="0" skip="0" id="s1-s3" name="Register">Tests.Register</stat>
</suite>
</statistics>
<errors>
</errors>
</robot>
