<?xml version="1.0" encoding="UTF-8"?>
<robot generator="Robot 6.1.1 (Python 3.11.5 on linux)" generated="20231117 19:58:27.778" rpa="false" schemaversion="4">
<suite id="s1" name="Tests" source="/home/pakkanep/koulu/palautusrepositorio/viikko3/web-login/src/tests">
<suite id="s1-s1" name="Home" source="/home/pakkanep/koulu/palautusrepositorio/viikko3/web-login/src/tests/home.robot">
<kw name="Open And Configure Browser" library="resource" type="SETUP">
<kw name="Evaluate" library="BuiltIn">
<var>${options}</var>
<arg>sys.modules['selenium.webdriver'].ChromeOptions()</arg>
<arg>sys</arg>
<doc>Evaluates the given expression in Python and returns the result.</doc>
<msg timestamp="20231117 19:58:27.872" level="INFO">${options} = &lt;selenium.webdriver.chrome.options.Options object at 0x7fc5b1f8c7d0&gt;</msg>
<status status="PASS" starttime="20231117 19:58:27.872" endtime="20231117 19:58:27.872"/>
</kw>
<kw name="Call Method" library="BuiltIn">
<arg>${options}</arg>
<arg>add_argument</arg>
<arg>--no-sandbox</arg>
<doc>Calls the named method of the given object with the provided arguments.</doc>
<status status="PASS" starttime="20231117 19:58:27.872" endtime="20231117 19:58:27.872"/>
</kw>
<kw name="Call Method" library="BuiltIn">
<arg>${options}</arg>
<arg>add_argument</arg>
<arg>--headless</arg>
<doc>Calls the named method of the given object with the provided arguments.</doc>
<status status="PASS" starttime="20231117 19:58:27.872" endtime="20231117 19:58:27.872"/>
</kw>
<kw name="Open Browser" library="SeleniumLibrary">
<arg>browser=chrome</arg>
<arg>options=${options}</arg>
<doc>Opens a new browser instance to the optional ``url``.</doc>
<msg timestamp="20231117 19:58:27.873" level="INFO">Opening browser 'chrome' to base url 'None'.</msg>
<status status="PASS" starttime="20231117 19:58:27.873" endtime="20231117 19:58:28.521"/>
</kw>
<kw name="Set Selenium Speed" library="SeleniumLibrary">
<arg>${DELAY}</arg>
<doc>Sets the delay that is waited after each Selenium command.</doc>
<status status="PASS" starttime="20231117 19:58:28.521" endtime="20231117 19:58:28.521"/>
</kw>
<status status="PASS" starttime="20231117 19:58:27.872" endtime="20231117 19:58:28.522"/>
</kw>
<test id="s1-s1-t1" name="Click Login Link" line="8">
<kw name="Go To Starting Page" library="resource" type="SETUP">
<kw name="Go To" library="SeleniumLibrary">
<arg>${HOME_URL}</arg>
<doc>Navigates the current browser window to the provided ``url``.</doc>
<msg timestamp="20231117 19:58:28.522" level="INFO">Opening url 'http://localhost:5001'</msg>
<status status="PASS" starttime="20231117 19:58:28.522" endtime="20231117 19:58:28.548"/>
</kw>
<status status="PASS" starttime="20231117 19:58:28.522" endtime="20231117 19:58:28.549"/>
</kw>
<kw name="Click Link" library="SeleniumLibrary">
<arg>Login</arg>
<doc>Clicks a link identified by ``locator``.</doc>
<msg timestamp="20231117 19:58:28.549" level="INFO">Clicking link 'Login'.</msg>
<status status="PASS" starttime="20231117 19:58:28.549" endtime="20231117 19:58:28.590"/>
</kw>
<kw name="Login Page Should Be Open" library="resource">
<kw name="Title Should Be" library="SeleniumLibrary">
<arg>Login</arg>
<doc>Verifies that the current page title equals ``title``.</doc>
<msg timestamp="20231117 19:58:28.593" level="INFO">Page title is 'Login'.</msg>
<status status="PASS" starttime="20231117 19:58:28.590" endtime="20231117 19:58:28.593"/>
</kw>
<status status="PASS" starttime="20231117 19:58:28.590" endtime="20231117 19:58:28.593"/>
</kw>
<status status="PASS" starttime="20231117 19:58:28.522" endtime="20231117 19:58:28.593"/>
</test>
<test id="s1-s1-t2" name="Click Register Link" line="12">
<kw name="Go To Starting Page" library="resource" type="SETUP">
<kw name="Go To" library="SeleniumLibrary">
<arg>${HOME_URL}</arg>
<doc>Navigates the current browser window to the provided ``url``.</doc>
<msg timestamp="20231117 19:58:28.594" level="INFO">Opening url 'http://localhost:5001'</msg>
<status status="PASS" starttime="20231117 19:58:28.594" endtime="20231117 19:58:28.600"/>
</kw>
<status status="PASS" starttime="20231117 19:58:28.594" endtime="20231117 19:58:28.600"/>
</kw>
<kw name="Click Link" library="SeleniumLibrary">
<arg>Register new user</arg>
<doc>Clicks a link identified by ``locator``.</doc>
<msg timestamp="20231117 19:58:28.601" level="INFO">Clicking link 'Register new user'.</msg>
<status status="PASS" starttime="20231117 19:58:28.600" endtime="20231117 19:58:28.633"/>
</kw>
<kw name="Register Page Should Be Open" library="resource">
<kw name="Title Should Be" library="SeleniumLibrary">
<arg>Register</arg>
<doc>Verifies that the current page title equals ``title``.</doc>
<msg timestamp="20231117 19:58:28.635" level="INFO">Page title is 'Register'.</msg>
<status status="PASS" starttime="20231117 19:58:28.633" endtime="20231117 19:58:28.635"/>
</kw>
<status status="PASS" starttime="20231117 19:58:28.633" endtime="20231117 19:58:28.635"/>
</kw>
<status status="PASS" starttime="20231117 19:58:28.593" endtime="20231117 19:58:28.635"/>
</test>
<kw name="Close Browser" library="SeleniumLibrary" type="TEARDOWN">
<doc>Closes the current browser.</doc>
<status status="PASS" starttime="20231117 19:58:28.636" endtime="20231117 19:58:28.694"/>
</kw>
<status status="PASS" starttime="20231117 19:58:27.788" endtime="20231117 19:58:28.695"/>
</suite>
<suite id="s1-s2" name="Login" source="/home/pakkanep/koulu/palautusrepositorio/viikko3/web-login/src/tests/login.robot">
<kw name="Open And Configure Browser" library="resource" type="SETUP">
<kw name="Evaluate" library="BuiltIn">
<var>${options}</var>
<arg>sys.modules['selenium.webdriver'].ChromeOptions()</arg>
<arg>sys</arg>
<doc>Evaluates the given expression in Python and returns the result.</doc>
<msg timestamp="20231117 19:58:28.701" level="INFO">${options} = &lt;selenium.webdriver.chrome.options.Options object at 0x7fc5b1fae510&gt;</msg>
<status status="PASS" starttime="20231117 19:58:28.700" endtime="20231117 19:58:28.701"/>
</kw>
<kw name="Call Method" library="BuiltIn">
<arg>${options}</arg>
<arg>add_argument</arg>
<arg>--no-sandbox</arg>
<doc>Calls the named method of the given object with the provided arguments.</doc>
<status status="PASS" starttime="20231117 19:58:28.701" endtime="20231117 19:58:28.701"/>
</kw>
<kw name="Call Method" library="BuiltIn">
<arg>${options}</arg>
<arg>add_argument</arg>
<arg>--headless</arg>
<doc>Calls the named method of the given object with the provided arguments.</doc>
<status status="PASS" starttime="20231117 19:58:28.701" endtime="20231117 19:58:28.702"/>
</kw>
<kw name="Open Browser" library="SeleniumLibrary">
<arg>browser=chrome</arg>
<arg>options=${options}</arg>
<doc>Opens a new browser instance to the optional ``url``.</doc>
<msg timestamp="20231117 19:58:28.702" level="INFO">Opening browser 'chrome' to base url 'None'.</msg>
<status status="PASS" starttime="20231117 19:58:28.702" endtime="20231117 19:58:29.380"/>
</kw>
<kw name="Set Selenium Speed" library="SeleniumLibrary">
<arg>${DELAY}</arg>
<doc>Sets the delay that is waited after each Selenium command.</doc>
<status status="PASS" starttime="20231117 19:58:29.380" endtime="20231117 19:58:29.380"/>
</kw>
<status status="PASS" starttime="20231117 19:58:28.700" endtime="20231117 19:58:29.380"/>
</kw>
<test id="s1-s2-t1" name="Login With Nonexistent Username" line="8">
<kw name="Create User And Go To Login Page" type="SETUP">
<kw name="Create User" library="AppLibrary">
<arg>kalle</arg>
<arg>kalle123</arg>
<status status="PASS" starttime="20231117 19:58:29.381" endtime="20231117 19:58:29.387"/>
</kw>
<kw name="Go To Login Page" library="resource">
<kw name="Go To" library="SeleniumLibrary">
<arg>${LOGIN_URL}</arg>
<doc>Navigates the current browser window to the provided ``url``.</doc>
<msg timestamp="20231117 19:58:29.387" level="INFO">Opening url 'http://localhost:5001/login'</msg>
<status status="PASS" starttime="20231117 19:58:29.387" endtime="20231117 19:58:29.416"/>
</kw>
<status status="PASS" starttime="20231117 19:58:29.387" endtime="20231117 19:58:29.417"/>
</kw>
<kw name="Login Page Should Be Open" library="resource">
<kw name="Title Should Be" library="SeleniumLibrary">
<arg>Login</arg>
<doc>Verifies that the current page title equals ``title``.</doc>
<msg timestamp="20231117 19:58:29.419" level="INFO">Page title is 'Login'.</msg>
<status status="PASS" starttime="20231117 19:58:29.417" endtime="20231117 19:58:29.419"/>
</kw>
<status status="PASS" starttime="20231117 19:58:29.417" endtime="20231117 19:58:29.419"/>
</kw>
<status status="PASS" starttime="20231117 19:58:29.381" endtime="20231117 19:58:29.419"/>
</kw>
<kw name="Set Password">
<arg>kalle123</arg>
<kw name="Input Password" library="SeleniumLibrary">
<arg>password</arg>
<arg>${password}</arg>
<doc>Types the given password into the text field identified by ``locator``.</doc>
<msg timestamp="20231117 19:58:29.420" level="INFO">Typing password into text field 'password'.</msg>
<msg timestamp="20231117 19:58:29.448" level="INFO">Temporally setting log level to: NONE</msg>
<msg timestamp="20231117 19:58:29.473" level="INFO">Log level changed from NONE to INFO.</msg>
<status status="PASS" starttime="20231117 19:58:29.420" endtime="20231117 19:58:29.473"/>
</kw>
<status status="PASS" starttime="20231117 19:58:29.420" endtime="20231117 19:58:29.473"/>
</kw>
<kw name="Submit Credentials">
<kw name="Click Button" library="SeleniumLibrary">
<arg>Login</arg>
<doc>Clicks the button identified by ``locator``.</doc>
<msg timestamp="20231117 19:58:29.474" level="INFO">Clicking button 'Login'.</msg>
<status status="PASS" starttime="20231117 19:58:29.473" endtime="20231117 19:58:29.514"/>
</kw>
<status status="PASS" starttime="20231117 19:58:29.473" endtime="20231117 19:58:29.514"/>
</kw>
<kw name="Login Should Fail With Message">
<arg>Username and password are required</arg>
<kw name="Login Page Should Be Open" library="resource">
<kw name="Title Should Be" library="SeleniumLibrary">
<arg>Login</arg>
<doc>Verifies that the current page title equals ``title``.</doc>
<msg timestamp="20231117 19:58:29.517" level="INFO">Page title is 'Login'.</msg>
<status status="PASS" starttime="20231117 19:58:29.515" endtime="20231117 19:58:29.517"/>
</kw>
<status status="PASS" starttime="20231117 19:58:29.515" endtime="20231117 19:58:29.517"/>
</kw>
<kw name="Page Should Contain" library="SeleniumLibrary">
<arg>${message}</arg>
<doc>Verifies that current page contains ``text``.</doc>
<msg timestamp="20231117 19:58:29.524" level="INFO">Current page contains text 'Username and password are required'.</msg>
<status status="PASS" starttime="20231117 19:58:29.517" endtime="20231117 19:58:29.524"/>
</kw>
<status status="PASS" starttime="20231117 19:58:29.515" endtime="20231117 19:58:29.524"/>
</kw>
<status status="PASS" starttime="20231117 19:58:29.380" endtime="20231117 19:58:29.524"/>
</test>
<test id="s1-s2-t2" name="Login With Correct Credentials" line="13">
<kw name="Create User And Go To Login Page" type="SETUP">
<kw name="Create User" library="AppLibrary">
<arg>kalle</arg>
<arg>kalle123</arg>
<status status="PASS" starttime="20231117 19:58:29.525" endtime="20231117 19:58:29.531"/>
</kw>
<kw name="Go To Login Page" library="resource">
<kw name="Go To" library="SeleniumLibrary">
<arg>${LOGIN_URL}</arg>
<doc>Navigates the current browser window to the provided ``url``.</doc>
<msg timestamp="20231117 19:58:29.532" level="INFO">Opening url 'http://localhost:5001/login'</msg>
<status status="PASS" starttime="20231117 19:58:29.532" endtime="20231117 19:58:29.538"/>
</kw>
<status status="PASS" starttime="20231117 19:58:29.532" endtime="20231117 19:58:29.538"/>
</kw>
<kw name="Login Page Should Be Open" library="resource">
<kw name="Title Should Be" library="SeleniumLibrary">
<arg>Login</arg>
<doc>Verifies that the current page title equals ``title``.</doc>
<msg timestamp="20231117 19:58:29.540" level="INFO">Page title is 'Login'.</msg>
<status status="PASS" starttime="20231117 19:58:29.539" endtime="20231117 19:58:29.540"/>
</kw>
<status status="PASS" starttime="20231117 19:58:29.539" endtime="20231117 19:58:29.540"/>
</kw>
<status status="PASS" starttime="20231117 19:58:29.525" endtime="20231117 19:58:29.540"/>
</kw>
<kw name="Set Username">
<arg>kalle</arg>
<kw name="Input Text" library="SeleniumLibrary">
<arg>username</arg>
<arg>${username}</arg>
<doc>Types the given ``text`` into the text field identified by ``locator``.</doc>
<msg timestamp="20231117 19:58:29.541" level="INFO">Typing text 'kalle' into text field 'username'.</msg>
<status status="PASS" starttime="20231117 19:58:29.541" endtime="20231117 19:58:29.578"/>
</kw>
<status status="PASS" starttime="20231117 19:58:29.541" endtime="20231117 19:58:29.578"/>
</kw>
<kw name="Set Password">
<arg>kalle123</arg>
<kw name="Input Password" library="SeleniumLibrary">
<arg>password</arg>
<arg>${password}</arg>
<doc>Types the given password into the text field identified by ``locator``.</doc>
<msg timestamp="20231117 19:58:29.579" level="INFO">Typing password into text field 'password'.</msg>
<msg timestamp="20231117 19:58:29.595" level="INFO">Temporally setting log level to: NONE</msg>
<msg timestamp="20231117 19:58:29.613" level="INFO">Log level changed from NONE to INFO.</msg>
<status status="PASS" starttime="20231117 19:58:29.578" endtime="20231117 19:58:29.613"/>
</kw>
<status status="PASS" starttime="20231117 19:58:29.578" endtime="20231117 19:58:29.613"/>
</kw>
<kw name="Submit Credentials">
<kw name="Click Button" library="SeleniumLibrary">
<arg>Login</arg>
<doc>Clicks the button identified by ``locator``.</doc>
<msg timestamp="20231117 19:58:29.614" level="INFO">Clicking button 'Login'.</msg>
<status status="PASS" starttime="20231117 19:58:29.614" endtime="20231117 19:58:29.644"/>
</kw>
<status status="PASS" starttime="20231117 19:58:29.614" endtime="20231117 19:58:29.644"/>
</kw>
<kw name="Login Should Succeed">
<kw name="Main Page Should Be Open" library="resource">
<kw name="Title Should Be" library="SeleniumLibrary">
<arg>Ohtu Application main page</arg>
<doc>Verifies that the current page title equals ``title``.</doc>
<msg timestamp="20231117 19:58:29.647" level="INFO">Page title is 'Ohtu Application main page'.</msg>
<status status="PASS" starttime="20231117 19:58:29.645" endtime="20231117 19:58:29.647"/>
</kw>
<status status="PASS" starttime="20231117 19:58:29.645" endtime="20231117 19:58:29.647"/>
</kw>
<status status="PASS" starttime="20231117 19:58:29.644" endtime="20231117 19:58:29.647"/>
</kw>
<status status="PASS" starttime="20231117 19:58:29.524" endtime="20231117 19:58:29.648"/>
</test>
<test id="s1-s2-t3" name="Login With Incorrect Password" line="19">
<kw name="Create User And Go To Login Page" type="SETUP">
<kw name="Create User" library="AppLibrary">
<arg>kalle</arg>
<arg>kalle123</arg>
<status status="PASS" starttime="20231117 19:58:29.648" endtime="20231117 19:58:29.654"/>
</kw>
<kw name="Go To Login Page" library="resource">
<kw name="Go To" library="SeleniumLibrary">
<arg>${LOGIN_URL}</arg>
<doc>Navigates the current browser window to the provided ``url``.</doc>
<msg timestamp="20231117 19:58:29.654" level="INFO">Opening url 'http://localhost:5001/login'</msg>
<status status="PASS" starttime="20231117 19:58:29.654" endtime="20231117 19:58:29.661"/>
</kw>
<status status="PASS" starttime="20231117 19:58:29.654" endtime="20231117 19:58:29.661"/>
</kw>
<kw name="Login Page Should Be Open" library="resource">
<kw name="Title Should Be" library="SeleniumLibrary">
<arg>Login</arg>
<doc>Verifies that the current page title equals ``title``.</doc>
<msg timestamp="20231117 19:58:29.663" level="INFO">Page title is 'Login'.</msg>
<status status="PASS" starttime="20231117 19:58:29.661" endtime="20231117 19:58:29.663"/>
</kw>
<status status="PASS" starttime="20231117 19:58:29.661" endtime="20231117 19:58:29.663"/>
</kw>
<status status="PASS" starttime="20231117 19:58:29.648" endtime="20231117 19:58:29.663"/>
</kw>
<kw name="Set Username">
<arg>kalle</arg>
<kw name="Input Text" library="SeleniumLibrary">
<arg>username</arg>
<arg>${username}</arg>
<doc>Types the given ``text`` into the text field identified by ``locator``.</doc>
<msg timestamp="20231117 19:58:29.664" level="INFO">Typing text 'kalle' into text field 'username'.</msg>
<status status="PASS" starttime="20231117 19:58:29.663" endtime="20231117 19:58:29.698"/>
</kw>
<status status="PASS" starttime="20231117 19:58:29.663" endtime="20231117 19:58:29.698"/>
</kw>
<kw name="Set Password">
<arg>kalle456</arg>
<kw name="Input Password" library="SeleniumLibrary">
<arg>password</arg>
<arg>${password}</arg>
<doc>Types the given password into the text field identified by ``locator``.</doc>
<msg timestamp="20231117 19:58:29.699" level="INFO">Typing password into text field 'password'.</msg>
<msg timestamp="20231117 19:58:29.714" level="INFO">Temporally setting log level to: NONE</msg>
<msg timestamp="20231117 19:58:29.734" level="INFO">Log level changed from NONE to INFO.</msg>
<status status="PASS" starttime="20231117 19:58:29.698" endtime="20231117 19:58:29.734"/>
</kw>
<status status="PASS" starttime="20231117 19:58:29.698" endtime="20231117 19:58:29.734"/>
</kw>
<kw name="Submit Credentials">
<kw name="Click Button" library="SeleniumLibrary">
<arg>Login</arg>
<doc>Clicks the button identified by ``locator``.</doc>
<msg timestamp="20231117 19:58:29.734" level="INFO">Clicking button 'Login'.</msg>
<status status="PASS" starttime="20231117 19:58:29.734" endtime="20231117 19:58:29.764"/>
</kw>
<status status="PASS" starttime="20231117 19:58:29.734" endtime="20231117 19:58:29.764"/>
</kw>
<kw name="Login Should Fail With Message">
<arg>Invalid username or password</arg>
<kw name="Login Page Should Be Open" library="resource">
<kw name="Title Should Be" library="SeleniumLibrary">
<arg>Login</arg>
<doc>Verifies that the current page title equals ``title``.</doc>
<msg timestamp="20231117 19:58:29.767" level="INFO">Page title is 'Login'.</msg>
<status status="PASS" starttime="20231117 19:58:29.764" endtime="20231117 19:58:29.767"/>
</kw>
<status status="PASS" starttime="20231117 19:58:29.764" endtime="20231117 19:58:29.767"/>
</kw>
<kw name="Page Should Contain" library="SeleniumLibrary">
<arg>${message}</arg>
<doc>Verifies that current page contains ``text``.</doc>
<msg timestamp="20231117 19:58:29.775" level="INFO">Current page contains text 'Invalid username or password'.</msg>
<status status="PASS" starttime="20231117 19:58:29.767" endtime="20231117 19:58:29.775"/>
</kw>
<status status="PASS" starttime="20231117 19:58:29.764" endtime="20231117 19:58:29.775"/>
</kw>
<status status="PASS" starttime="20231117 19:58:29.648" endtime="20231117 19:58:29.775"/>
</test>
<kw name="Close Browser" library="SeleniumLibrary" type="TEARDOWN">
<doc>Closes the current browser.</doc>
<status status="PASS" starttime="20231117 19:58:29.775" endtime="20231117 19:58:29.836"/>
</kw>
<status status="PASS" starttime="20231117 19:58:28.696" endtime="20231117 19:58:29.836"/>
</suite>
<suite id="s1-s3" name="Register" source="/home/pakkanep/koulu/palautusrepositorio/viikko3/web-login/src/tests/register.robot">
<kw name="Open And Configure Browser" library="resource" type="SETUP">
<kw name="Evaluate" library="BuiltIn">
<var>${options}</var>
<arg>sys.modules['selenium.webdriver'].ChromeOptions()</arg>
<arg>sys</arg>
<doc>Evaluates the given expression in Python and returns the result.</doc>
<msg timestamp="20231117 19:58:29.842" level="INFO">${options} = &lt;selenium.webdriver.chrome.options.Options object at 0x7fc5b1faf190&gt;</msg>
<status status="PASS" starttime="20231117 19:58:29.842" endtime="20231117 19:58:29.842"/>
</kw>
<kw name="Call Method" library="BuiltIn">
<arg>${options}</arg>
<arg>add_argument</arg>
<arg>--no-sandbox</arg>
<doc>Calls the named method of the given object with the provided arguments.</doc>
<status status="PASS" starttime="20231117 19:58:29.842" endtime="20231117 19:58:29.842"/>
</kw>
<kw name="Call Method" library="BuiltIn">
<arg>${options}</arg>
<arg>add_argument</arg>
<arg>--headless</arg>
<doc>Calls the named method of the given object with the provided arguments.</doc>
<status status="PASS" starttime="20231117 19:58:29.842" endtime="20231117 19:58:29.843"/>
</kw>
<kw name="Open Browser" library="SeleniumLibrary">
<arg>browser=chrome</arg>
<arg>options=${options}</arg>
<doc>Opens a new browser instance to the optional ``url``.</doc>
<msg timestamp="20231117 19:58:29.843" level="INFO">Opening browser 'chrome' to base url 'None'.</msg>
<status status="PASS" starttime="20231117 19:58:29.843" endtime="20231117 19:58:30.524"/>
</kw>
<kw name="Set Selenium Speed" library="SeleniumLibrary">
<arg>${DELAY}</arg>
<doc>Sets the delay that is waited after each Selenium command.</doc>
<status status="PASS" starttime="20231117 19:58:30.524" endtime="20231117 19:58:30.524"/>
</kw>
<status status="PASS" starttime="20231117 19:58:29.841" endtime="20231117 19:58:30.524"/>
</kw>
<test id="s1-s3-t1" name="Register With Valid Username And Password" line="8">
<kw name="Create User And Go To Register Page" type="SETUP">
<kw name="Create User" library="AppLibrary">
<arg>kalle</arg>
<arg>kalle123</arg>
<status status="PASS" starttime="20231117 19:58:30.524" endtime="20231117 19:58:30.529"/>
</kw>
<kw name="Go To Register Page" library="resource">
<kw name="Go To" library="SeleniumLibrary">
<arg>${REGISTER_URL}</arg>
<doc>Navigates the current browser window to the provided ``url``.</doc>
<msg timestamp="20231117 19:58:30.530" level="INFO">Opening url 'http://localhost:5001/register'</msg>
<status status="PASS" starttime="20231117 19:58:30.530" endtime="20231117 19:58:30.558"/>
</kw>
<status status="PASS" starttime="20231117 19:58:30.529" endtime="20231117 19:58:30.558"/>
</kw>
<kw name="Register Page Should Be Open" library="resource">
<kw name="Title Should Be" library="SeleniumLibrary">
<arg>Register</arg>
<doc>Verifies that the current page title equals ``title``.</doc>
<msg timestamp="20231117 19:58:30.561" level="INFO">Page title is 'Register'.</msg>
<status status="PASS" starttime="20231117 19:58:30.558" endtime="20231117 19:58:30.561"/>
</kw>
<status status="PASS" starttime="20231117 19:58:30.558" endtime="20231117 19:58:30.561"/>
</kw>
<status status="PASS" starttime="20231117 19:58:30.524" endtime="20231117 19:58:30.561"/>
</kw>
<kw name="Set Username">
<arg>paavo</arg>
<kw name="Input Text" library="SeleniumLibrary">
<arg>username</arg>
<arg>${username}</arg>
<doc>Types the given ``text`` into the text field identified by ``locator``.</doc>
<msg timestamp="20231117 19:58:30.562" level="INFO">Typing text 'paavo' into text field 'username'.</msg>
<status status="PASS" starttime="20231117 19:58:30.562" endtime="20231117 19:58:30.614"/>
</kw>
<status status="PASS" starttime="20231117 19:58:30.561" endtime="20231117 19:58:30.614"/>
</kw>
<kw name="Set Password">
<arg>paavo1234</arg>
<kw name="Input Password" library="SeleniumLibrary">
<arg>password</arg>
<arg>${password}</arg>
<doc>Types the given password into the text field identified by ``locator``.</doc>
<msg timestamp="20231117 19:58:30.614" level="INFO">Typing password into text field 'password'.</msg>
<msg timestamp="20231117 19:58:30.632" level="INFO">Temporally setting log level to: NONE</msg>
<msg timestamp="20231117 19:58:30.652" level="INFO">Log level changed from NONE to INFO.</msg>
<status status="PASS" starttime="20231117 19:58:30.614" endtime="20231117 19:58:30.652"/>
</kw>
<status status="PASS" starttime="20231117 19:58:30.614" endtime="20231117 19:58:30.652"/>
</kw>
<kw name="Set Password Confirmation">
<arg>paavo1234</arg>
<kw name="Input Password" library="SeleniumLibrary">
<arg>password_confirmation</arg>
<arg>${password_confirmation}</arg>
<doc>Types the given password into the text field identified by ``locator``.</doc>
<msg timestamp="20231117 19:58:30.653" level="INFO">Typing password into text field 'password_confirmation'.</msg>
<msg timestamp="20231117 19:58:30.670" level="INFO">Temporally setting log level to: NONE</msg>
<msg timestamp="20231117 19:58:30.691" level="INFO">Log level changed from NONE to INFO.</msg>
<status status="PASS" starttime="20231117 19:58:30.653" endtime="20231117 19:58:30.691"/>
</kw>
<status status="PASS" starttime="20231117 19:58:30.652" endtime="20231117 19:58:30.691"/>
</kw>
<kw name="Click Button" library="SeleniumLibrary">
<arg>Register</arg>
<doc>Clicks the button identified by ``locator``.</doc>
<msg timestamp="20231117 19:58:30.691" level="INFO">Clicking button 'Register'.</msg>
<status status="PASS" starttime="20231117 19:58:30.691" endtime="20231117 19:58:30.730"/>
</kw>
<kw name="Register Should Succeed">
<kw name="Welcome Page Should Be Open" library="resource">
<kw name="Title Should Be" library="SeleniumLibrary">
<arg>Welcome to Ohtu Application!</arg>
<doc>Verifies that the current page title equals ``title``.</doc>
<msg timestamp="20231117 19:58:30.732" level="INFO">Page title is 'Welcome to Ohtu Application!'.</msg>
<status status="PASS" starttime="20231117 19:58:30.731" endtime="20231117 19:58:30.732"/>
</kw>
<status status="PASS" starttime="20231117 19:58:30.730" endtime="20231117 19:58:30.732"/>
</kw>
<status status="PASS" starttime="20231117 19:58:30.730" endtime="20231117 19:58:30.732"/>
</kw>
<status status="PASS" starttime="20231117 19:58:30.524" endtime="20231117 19:58:30.733"/>
</test>
<test id="s1-s3-t2" name="Register With Too Short Username And Valid Password" line="15">
<kw name="Create User And Go To Register Page" type="SETUP">
<kw name="Create User" library="AppLibrary">
<arg>kalle</arg>
<arg>kalle123</arg>
<status status="PASS" starttime="20231117 19:58:30.733" endtime="20231117 19:58:30.738"/>
</kw>
<kw name="Go To Register Page" library="resource">
<kw name="Go To" library="SeleniumLibrary">
<arg>${REGISTER_URL}</arg>
<doc>Navigates the current browser window to the provided ``url``.</doc>
<msg timestamp="20231117 19:58:30.739" level="INFO">Opening url 'http://localhost:5001/register'</msg>
<status status="PASS" starttime="20231117 19:58:30.739" endtime="20231117 19:58:30.745"/>
</kw>
<status status="PASS" starttime="20231117 19:58:30.738" endtime="20231117 19:58:30.745"/>
</kw>
<kw name="Register Page Should Be Open" library="resource">
<kw name="Title Should Be" library="SeleniumLibrary">
<arg>Register</arg>
<doc>Verifies that the current page title equals ``title``.</doc>
<msg timestamp="20231117 19:58:30.747" level="INFO">Page title is 'Register'.</msg>
<status status="PASS" starttime="20231117 19:58:30.745" endtime="20231117 19:58:30.747"/>
</kw>
<status status="PASS" starttime="20231117 19:58:30.745" endtime="20231117 19:58:30.747"/>
</kw>
<status status="PASS" starttime="20231117 19:58:30.733" endtime="20231117 19:58:30.748"/>
</kw>
<kw name="Set Username">
<arg>pa</arg>
<kw name="Input Text" library="SeleniumLibrary">
<arg>username</arg>
<arg>${username}</arg>
<doc>Types the given ``text`` into the text field identified by ``locator``.</doc>
<msg timestamp="20231117 19:58:30.748" level="INFO">Typing text 'pa' into text field 'username'.</msg>
<status status="PASS" starttime="20231117 19:58:30.748" endtime="20231117 19:58:30.782"/>
</kw>
<status status="PASS" starttime="20231117 19:58:30.748" endtime="20231117 19:58:30.782"/>
</kw>
<kw name="Set Password">
<arg>paavo1234</arg>
<kw name="Input Password" library="SeleniumLibrary">
<arg>password</arg>
<arg>${password}</arg>
<doc>Types the given password into the text field identified by ``locator``.</doc>
<msg timestamp="20231117 19:58:30.783" level="INFO">Typing password into text field 'password'.</msg>
<msg timestamp="20231117 19:58:30.800" level="INFO">Temporally setting log level to: NONE</msg>
<msg timestamp="20231117 19:58:30.818" level="INFO">Log level changed from NONE to INFO.</msg>
<status status="PASS" starttime="20231117 19:58:30.783" endtime="20231117 19:58:30.818"/>
</kw>
<status status="PASS" starttime="20231117 19:58:30.782" endtime="20231117 19:58:30.818"/>
</kw>
<kw name="Set Password Confirmation">
<arg>paavo1234</arg>
<kw name="Input Password" library="SeleniumLibrary">
<arg>password_confirmation</arg>
<arg>${password_confirmation}</arg>
<doc>Types the given password into the text field identified by ``locator``.</doc>
<msg timestamp="20231117 19:58:30.819" level="INFO">Typing password into text field 'password_confirmation'.</msg>
<msg timestamp="20231117 19:58:30.835" level="INFO">Temporally setting log level to: NONE</msg>
<msg timestamp="20231117 19:58:30.854" level="INFO">Log level changed from NONE to INFO.</msg>
<status status="PASS" starttime="20231117 19:58:30.819" endtime="20231117 19:58:30.854"/>
</kw>
<status status="PASS" starttime="20231117 19:58:30.819" endtime="20231117 19:58:30.854"/>
</kw>
<kw name="Click Button" library="SeleniumLibrary">
<arg>Register</arg>
<doc>Clicks the button identified by ``locator``.</doc>
<msg timestamp="20231117 19:58:30.855" level="INFO">Clicking button 'Register'.</msg>
<status status="PASS" starttime="20231117 19:58:30.854" endtime="20231117 19:58:30.885"/>
</kw>
<kw name="Register Should Fail With Message">
<arg>Username has to consist of 3 characters minimum</arg>
<kw name="Register Page Should Be Open" library="resource">
<kw name="Title Should Be" library="SeleniumLibrary">
<arg>Register</arg>
<doc>Verifies that the current page title equals ``title``.</doc>
<msg timestamp="20231117 19:58:30.888" level="INFO">Page title is 'Register'.</msg>
<status status="PASS" starttime="20231117 19:58:30.885" endtime="20231117 19:58:30.888"/>
</kw>
<status status="PASS" starttime="20231117 19:58:30.885" endtime="20231117 19:58:30.888"/>
</kw>
<kw name="Page Should Contain" library="SeleniumLibrary">
<arg>${message}</arg>
<doc>Verifies that current page contains ``text``.</doc>
<msg timestamp="20231117 19:58:30.896" level="INFO">Current page contains text 'Username has to consist of 3 characters minimum'.</msg>
<status status="PASS" starttime="20231117 19:58:30.888" endtime="20231117 19:58:30.896"/>
</kw>
<status status="PASS" starttime="20231117 19:58:30.885" endtime="20231117 19:58:30.896"/>
</kw>
<status status="PASS" starttime="20231117 19:58:30.733" endtime="20231117 19:58:30.896"/>
</test>
<test id="s1-s3-t3" name="Register With Valid Username And Invalid Password" line="22">
<kw name="Create User And Go To Register Page" type="SETUP">
<kw name="Create User" library="AppLibrary">
<arg>kalle</arg>
<arg>kalle123</arg>
<status status="PASS" starttime="20231117 19:58:30.897" endtime="20231117 19:58:30.901"/>
</kw>
<kw name="Go To Register Page" library="resource">
<kw name="Go To" library="SeleniumLibrary">
<arg>${REGISTER_URL}</arg>
<doc>Navigates the current browser window to the provided ``url``.</doc>
<msg timestamp="20231117 19:58:30.902" level="INFO">Opening url 'http://localhost:5001/register'</msg>
<status status="PASS" starttime="20231117 19:58:30.902" endtime="20231117 19:58:30.909"/>
</kw>
<status status="PASS" starttime="20231117 19:58:30.901" endtime="20231117 19:58:30.909"/>
</kw>
<kw name="Register Page Should Be Open" library="resource">
<kw name="Title Should Be" library="SeleniumLibrary">
<arg>Register</arg>
<doc>Verifies that the current page title equals ``title``.</doc>
<msg timestamp="20231117 19:58:30.911" level="INFO">Page title is 'Register'.</msg>
<status status="PASS" starttime="20231117 19:58:30.909" endtime="20231117 19:58:30.911"/>
</kw>
<status status="PASS" starttime="20231117 19:58:30.909" endtime="20231117 19:58:30.911"/>
</kw>
<status status="PASS" starttime="20231117 19:58:30.897" endtime="20231117 19:58:30.911"/>
</kw>
<kw name="Set Username">
<arg>pekka</arg>
<kw name="Input Text" library="SeleniumLibrary">
<arg>username</arg>
<arg>${username}</arg>
<doc>Types the given ``text`` into the text field identified by ``locator``.</doc>
<msg timestamp="20231117 19:58:30.912" level="INFO">Typing text 'pekka' into text field 'username'.</msg>
<status status="PASS" starttime="20231117 19:58:30.912" endtime="20231117 19:58:30.947"/>
</kw>
<status status="PASS" starttime="20231117 19:58:30.912" endtime="20231117 19:58:30.947"/>
</kw>
<kw name="Set Password">
<arg>pekka</arg>
<kw name="Input Password" library="SeleniumLibrary">
<arg>password</arg>
<arg>${password}</arg>
<doc>Types the given password into the text field identified by ``locator``.</doc>
<msg timestamp="20231117 19:58:30.947" level="INFO">Typing password into text field 'password'.</msg>
<msg timestamp="20231117 19:58:30.962" level="INFO">Temporally setting log level to: NONE</msg>
<msg timestamp="20231117 19:58:30.980" level="INFO">Log level changed from NONE to INFO.</msg>
<status status="PASS" starttime="20231117 19:58:30.947" endtime="20231117 19:58:30.980"/>
</kw>
<status status="PASS" starttime="20231117 19:58:30.947" endtime="20231117 19:58:30.980"/>
</kw>
<kw name="Set Password Confirmation">
<arg>pekka</arg>
<kw name="Input Password" library="SeleniumLibrary">
<arg>password_confirmation</arg>
<arg>${password_confirmation}</arg>
<doc>Types the given password into the text field identified by ``locator``.</doc>
<msg timestamp="20231117 19:58:30.981" level="INFO">Typing password into text field 'password_confirmation'.</msg>
<msg timestamp="20231117 19:58:30.996" level="INFO">Temporally setting log level to: NONE</msg>
<msg timestamp="20231117 19:58:31.015" level="INFO">Log level changed from NONE to INFO.</msg>
<status status="PASS" starttime="20231117 19:58:30.981" endtime="20231117 19:58:31.015"/>
</kw>
<status status="PASS" starttime="20231117 19:58:30.981" endtime="20231117 19:58:31.015"/>
</kw>
<kw name="Click Button" library="SeleniumLibrary">
<arg>Register</arg>
<doc>Clicks the button identified by ``locator``.</doc>
<msg timestamp="20231117 19:58:31.015" level="INFO">Clicking button 'Register'.</msg>
<status status="PASS" starttime="20231117 19:58:31.015" endtime="20231117 19:58:31.046"/>
</kw>
<kw name="Register Should Fail With Message">
<arg>Password has to be atleast 8 characters long and consist atleast 1 number</arg>
<kw name="Register Page Should Be Open" library="resource">
<kw name="Title Should Be" library="SeleniumLibrary">
<arg>Register</arg>
<doc>Verifies that the current page title equals ``title``.</doc>
<msg timestamp="20231117 19:58:31.048" level="INFO">Page title is 'Register'.</msg>
<status status="PASS" starttime="20231117 19:58:31.046" endtime="20231117 19:58:31.048"/>
</kw>
<status status="PASS" starttime="20231117 19:58:31.046" endtime="20231117 19:58:31.048"/>
</kw>
<kw name="Page Should Contain" library="SeleniumLibrary">
<arg>${message}</arg>
<doc>Verifies that current page contains ``text``.</doc>
<msg timestamp="20231117 19:58:31.056" level="INFO">Current page contains text 'Password has to be atleast 8 characters long and consist atleast 1 number'.</msg>
<status status="PASS" starttime="20231117 19:58:31.048" endtime="20231117 19:58:31.056"/>
</kw>
<status status="PASS" starttime="20231117 19:58:31.046" endtime="20231117 19:58:31.056"/>
</kw>
<status status="PASS" starttime="20231117 19:58:30.896" endtime="20231117 19:58:31.056"/>
</test>
<test id="s1-s3-t4" name="Register With Nonmatching Password And Password Confirmation" line="29">
<kw name="Create User And Go To Register Page" type="SETUP">
<kw name="Create User" library="AppLibrary">
<arg>kalle</arg>
<arg>kalle123</arg>
<status status="PASS" starttime="20231117 19:58:31.057" endtime="20231117 19:58:31.061"/>
</kw>
<kw name="Go To Register Page" library="resource">
<kw name="Go To" library="SeleniumLibrary">
<arg>${REGISTER_URL}</arg>
<doc>Navigates the current browser window to the provided ``url``.</doc>
<msg timestamp="20231117 19:58:31.062" level="INFO">Opening url 'http://localhost:5001/register'</msg>
<status status="PASS" starttime="20231117 19:58:31.062" endtime="20231117 19:58:31.069"/>
</kw>
<status status="PASS" starttime="20231117 19:58:31.061" endtime="20231117 19:58:31.069"/>
</kw>
<kw name="Register Page Should Be Open" library="resource">
<kw name="Title Should Be" library="SeleniumLibrary">
<arg>Register</arg>
<doc>Verifies that the current page title equals ``title``.</doc>
<msg timestamp="20231117 19:58:31.072" level="INFO">Page title is 'Register'.</msg>
<status status="PASS" starttime="20231117 19:58:31.069" endtime="20231117 19:58:31.072"/>
</kw>
<status status="PASS" starttime="20231117 19:58:31.069" endtime="20231117 19:58:31.072"/>
</kw>
<status status="PASS" starttime="20231117 19:58:31.057" endtime="20231117 19:58:31.072"/>
</kw>
<kw name="Set Username">
<arg>pertti</arg>
<kw name="Input Text" library="SeleniumLibrary">
<arg>username</arg>
<arg>${username}</arg>
<doc>Types the given ``text`` into the text field identified by ``locator``.</doc>
<msg timestamp="20231117 19:58:31.073" level="INFO">Typing text 'pertti' into text field 'username'.</msg>
<status status="PASS" starttime="20231117 19:58:31.072" endtime="20231117 19:58:31.108"/>
</kw>
<status status="PASS" starttime="20231117 19:58:31.072" endtime="20231117 19:58:31.108"/>
</kw>
<kw name="Set Password">
<arg>pertti1</arg>
<kw name="Input Password" library="SeleniumLibrary">
<arg>password</arg>
<arg>${password}</arg>
<doc>Types the given password into the text field identified by ``locator``.</doc>
<msg timestamp="20231117 19:58:31.108" level="INFO">Typing password into text field 'password'.</msg>
<msg timestamp="20231117 19:58:31.123" level="INFO">Temporally setting log level to: NONE</msg>
<msg timestamp="20231117 19:58:31.143" level="INFO">Log level changed from NONE to INFO.</msg>
<status status="PASS" starttime="20231117 19:58:31.108" endtime="20231117 19:58:31.143"/>
</kw>
<status status="PASS" starttime="20231117 19:58:31.108" endtime="20231117 19:58:31.143"/>
</kw>
<kw name="Set Password Confirmation">
<arg>pertti2</arg>
<kw name="Input Password" library="SeleniumLibrary">
<arg>password_confirmation</arg>
<arg>${password_confirmation}</arg>
<doc>Types the given password into the text field identified by ``locator``.</doc>
<msg timestamp="20231117 19:58:31.144" level="INFO">Typing password into text field 'password_confirmation'.</msg>
<msg timestamp="20231117 19:58:31.158" level="INFO">Temporally setting log level to: NONE</msg>
<msg timestamp="20231117 19:58:31.179" level="INFO">Log level changed from NONE to INFO.</msg>
<status status="PASS" starttime="20231117 19:58:31.143" endtime="20231117 19:58:31.179"/>
</kw>
<status status="PASS" starttime="20231117 19:58:31.143" endtime="20231117 19:58:31.179"/>
</kw>
<kw name="Click Button" library="SeleniumLibrary">
<arg>Register</arg>
<doc>Clicks the button identified by ``locator``.</doc>
<msg timestamp="20231117 19:58:31.179" level="INFO">Clicking button 'Register'.</msg>
<status status="PASS" starttime="20231117 19:58:31.179" endtime="20231117 19:58:31.209"/>
</kw>
<kw name="Register Should Fail With Message">
<arg>Given passwords do not match</arg>
<kw name="Register Page Should Be Open" library="resource">
<kw name="Title Should Be" library="SeleniumLibrary">
<arg>Register</arg>
<doc>Verifies that the current page title equals ``title``.</doc>
<msg timestamp="20231117 19:58:31.211" level="INFO">Page title is 'Register'.</msg>
<status status="PASS" starttime="20231117 19:58:31.209" endtime="20231117 19:58:31.211"/>
</kw>
<status status="PASS" starttime="20231117 19:58:31.209" endtime="20231117 19:58:31.212"/>
</kw>
<kw name="Page Should Contain" library="SeleniumLibrary">
<arg>${message}</arg>
<doc>Verifies that current page contains ``text``.</doc>
<msg timestamp="20231117 19:58:31.219" level="INFO">Current page contains text 'Given passwords do not match'.</msg>
<status status="PASS" starttime="20231117 19:58:31.212" endtime="20231117 19:58:31.219"/>
</kw>
<status status="PASS" starttime="20231117 19:58:31.209" endtime="20231117 19:58:31.219"/>
</kw>
<status status="PASS" starttime="20231117 19:58:31.056" endtime="20231117 19:58:31.219"/>
</test>
<kw name="Close Browser" library="SeleniumLibrary" type="TEARDOWN">
<doc>Closes the current browser.</doc>
<status status="PASS" starttime="20231117 19:58:31.220" endtime="20231117 19:58:31.279"/>
</kw>
<status status="PASS" starttime="20231117 19:58:29.837" endtime="20231117 19:58:31.279"/>
</suite>
<status status="PASS" starttime="20231117 19:58:27.778" endtime="20231117 19:58:31.281"/>
</suite>
<statistics>
<total>
<stat pass="9" fail="0" skip="0">All Tests</stat>
</total>
<tag>
</tag>
<suite>
<stat pass="9" fail="0" skip="0" id="s1" name="Tests">Tests</stat>
<stat pass="2" fail="0" skip="0" id="s1-s1" name="Home">Tests.Home</stat>
<stat pass="3" fail="0" skip="0" id="s1-s2" name="Login">Tests.Login</stat>
<stat pass="4" fail="0" skip="0" id="s1-s3" name="Register">Tests.Register</stat>
</suite>
</statistics>
<errors>
</errors>
</robot>
