<?xml version="1.0" encoding="UTF-8"?>
<robot generator="Robot 6.1.1 (Python 3.11.5 on linux)" generated="20231116 17:53:02.639" rpa="false" schemaversion="4">
<suite id="s1" name="Tests" source="/home/pakkanep/koulu/palautusrepositorio/viikko3/login-robot/src/tests">
<suite id="s1-s1" name="Login" source="/home/pakkanep/koulu/palautusrepositorio/viikko3/login-robot/src/tests/login.robot">
<test id="s1-s1-t1" name="Login With Correct Credentials" line="6">
<kw name="Create User And Input Login Command" type="SETUP">
<kw name="Create User" library="AppLibrary">
<arg>kalle</arg>
<arg>kalle123</arg>
<status status="PASS" starttime="20231116 17:53:02.653" endtime="20231116 17:53:02.653"/>
</kw>
<kw name="Input Login Command" library="resource">
<kw name="Input" library="AppLibrary">
<arg>login</arg>
<status status="PASS" starttime="20231116 17:53:02.653" endtime="20231116 17:53:02.653"/>
</kw>
<status status="PASS" starttime="20231116 17:53:02.653" endtime="20231116 17:53:02.653"/>
</kw>
<status status="PASS" starttime="20231116 17:53:02.653" endtime="20231116 17:53:02.653"/>
</kw>
<kw name="Input Credentials" library="resource">
<arg>kalle</arg>
<arg>kalle123</arg>
<kw name="Input" library="AppLibrary">
<arg>${username}</arg>
<status status="PASS" starttime="20231116 17:53:02.653" endtime="20231116 17:53:02.654"/>
</kw>
<kw name="Input" library="AppLibrary">
<arg>${password}</arg>
<status status="PASS" starttime="20231116 17:53:02.654" endtime="20231116 17:53:02.654"/>
</kw>
<kw name="Run Application" library="AppLibrary">
<status status="PASS" starttime="20231116 17:53:02.654" endtime="20231116 17:53:02.654"/>
</kw>
<status status="PASS" starttime="20231116 17:53:02.653" endtime="20231116 17:53:02.654"/>
</kw>
<kw name="Output Should Contain" library="AppLibrary">
<arg>Logged in</arg>
<status status="PASS" starttime="20231116 17:53:02.654" endtime="20231116 17:53:02.654"/>
</kw>
<status status="PASS" starttime="20231116 17:53:02.652" endtime="20231116 17:53:02.654"/>
</test>
<test id="s1-s1-t2" name="Login With incorrect password" line="10">
<kw name="Create User And Input Login Command" type="SETUP">
<kw name="Create User" library="AppLibrary">
<arg>kalle</arg>
<arg>kalle123</arg>
<status status="PASS" starttime="20231116 17:53:02.654" endtime="20231116 17:53:02.654"/>
</kw>
<kw name="Input Login Command" library="resource">
<kw name="Input" library="AppLibrary">
<arg>login</arg>
<status status="PASS" starttime="20231116 17:53:02.655" endtime="20231116 17:53:02.655"/>
</kw>
<status status="PASS" starttime="20231116 17:53:02.655" endtime="20231116 17:53:02.655"/>
</kw>
<status status="PASS" starttime="20231116 17:53:02.654" endtime="20231116 17:53:02.655"/>
</kw>
<kw name="Input Credentials" library="resource">
<arg>kalle</arg>
<arg>unknown123</arg>
<kw name="Input" library="AppLibrary">
<arg>${username}</arg>
<status status="PASS" starttime="20231116 17:53:02.655" endtime="20231116 17:53:02.655"/>
</kw>
<kw name="Input" library="AppLibrary">
<arg>${password}</arg>
<status status="PASS" starttime="20231116 17:53:02.655" endtime="20231116 17:53:02.655"/>
</kw>
<kw name="Run Application" library="AppLibrary">
<status status="PASS" starttime="20231116 17:53:02.655" endtime="20231116 17:53:02.655"/>
</kw>
<status status="PASS" starttime="20231116 17:53:02.655" endtime="20231116 17:53:02.655"/>
</kw>
<kw name="Output Should Contain" library="AppLibrary">
<arg>Invalid username or password</arg>
<status status="PASS" starttime="20231116 17:53:02.655" endtime="20231116 17:53:02.655"/>
</kw>
<status status="PASS" starttime="20231116 17:53:02.654" endtime="20231116 17:53:02.655"/>
</test>
<test id="s1-s1-t3" name="Login With Nonexistent Username" line="14">
<kw name="Create User And Input Login Command" type="SETUP">
<kw name="Create User" library="AppLibrary">
<arg>kalle</arg>
<arg>kalle123</arg>
<status status="PASS" starttime="20231116 17:53:02.656" endtime="20231116 17:53:02.656"/>
</kw>
<kw name="Input Login Command" library="resource">
<kw name="Input" library="AppLibrary">
<arg>login</arg>
<status status="PASS" starttime="20231116 17:53:02.656" endtime="20231116 17:53:02.656"/>
</kw>
<status status="PASS" starttime="20231116 17:53:02.656" endtime="20231116 17:53:02.656"/>
</kw>
<status status="PASS" starttime="20231116 17:53:02.656" endtime="20231116 17:53:02.656"/>
</kw>
<kw name="Input Credentials" library="resource">
<arg>unknown</arg>
<arg>kalle123</arg>
<kw name="Input" library="AppLibrary">
<arg>${username}</arg>
<status status="PASS" starttime="20231116 17:53:02.656" endtime="20231116 17:53:02.656"/>
</kw>
<kw name="Input" library="AppLibrary">
<arg>${password}</arg>
<status status="PASS" starttime="20231116 17:53:02.656" endtime="20231116 17:53:02.656"/>
</kw>
<kw name="Run Application" library="AppLibrary">
<status status="PASS" starttime="20231116 17:53:02.656" endtime="20231116 17:53:02.656"/>
</kw>
<status status="PASS" starttime="20231116 17:53:02.656" endtime="20231116 17:53:02.657"/>
</kw>
<kw name="Output Should Contain" library="AppLibrary">
<arg>Invalid username or password</arg>
<status status="PASS" starttime="20231116 17:53:02.657" endtime="20231116 17:53:02.657"/>
</kw>
<status status="PASS" starttime="20231116 17:53:02.655" endtime="20231116 17:53:02.657"/>
</test>
<status status="PASS" starttime="20231116 17:53:02.650" endtime="20231116 17:53:02.657"/>
</suite>
<suite id="s1-s2" name="Register" source="/home/pakkanep/koulu/palautusrepositorio/viikko3/login-robot/src/tests/register.robot">
<test id="s1-s2-t1" name="Register With Valid Username And Password" line="6">
<kw name="Create User And Input New Command" type="SETUP">
<kw name="Create User" library="AppLibrary">
<arg>kalle</arg>
<arg>kalle123</arg>
<status status="PASS" starttime="20231116 17:53:02.658" endtime="20231116 17:53:02.659"/>
</kw>
<kw name="Input New Command" library="resource">
<kw name="Input" library="AppLibrary">
<arg>new</arg>
<status status="PASS" starttime="20231116 17:53:02.659" endtime="20231116 17:53:02.659"/>
</kw>
<status status="PASS" starttime="20231116 17:53:02.659" endtime="20231116 17:53:02.659"/>
</kw>
<status status="PASS" starttime="20231116 17:53:02.658" endtime="20231116 17:53:02.659"/>
</kw>
<kw name="Input Credentials" library="resource">
<arg>pakkanep</arg>
<arg>patrik1234</arg>
<kw name="Input" library="AppLibrary">
<arg>${username}</arg>
<status status="PASS" starttime="20231116 17:53:02.659" endtime="20231116 17:53:02.659"/>
</kw>
<kw name="Input" library="AppLibrary">
<arg>${password}</arg>
<status status="PASS" starttime="20231116 17:53:02.659" endtime="20231116 17:53:02.659"/>
</kw>
<kw name="Run Application" library="AppLibrary">
<status status="PASS" starttime="20231116 17:53:02.659" endtime="20231116 17:53:02.659"/>
</kw>
<status status="PASS" starttime="20231116 17:53:02.659" endtime="20231116 17:53:02.659"/>
</kw>
<kw name="Output Should Contain" library="AppLibrary">
<arg>New user registered</arg>
<status status="PASS" starttime="20231116 17:53:02.659" endtime="20231116 17:53:02.659"/>
</kw>
<status status="PASS" starttime="20231116 17:53:02.658" endtime="20231116 17:53:02.659"/>
</test>
<test id="s1-s2-t2" name="Register With Already Taken Username And Valid Password" line="10">
<kw name="Create User And Input New Command" type="SETUP">
<kw name="Create User" library="AppLibrary">
<arg>kalle</arg>
<arg>kalle123</arg>
<status status="PASS" starttime="20231116 17:53:02.660" endtime="20231116 17:53:02.660"/>
</kw>
<kw name="Input New Command" library="resource">
<kw name="Input" library="AppLibrary">
<arg>new</arg>
<status status="PASS" starttime="20231116 17:53:02.660" endtime="20231116 17:53:02.660"/>
</kw>
<status status="PASS" starttime="20231116 17:53:02.660" endtime="20231116 17:53:02.660"/>
</kw>
<status status="PASS" starttime="20231116 17:53:02.660" endtime="20231116 17:53:02.660"/>
</kw>
<kw name="Input Credentials" library="resource">
<arg>kalle</arg>
<arg>kalle123</arg>
<kw name="Input" library="AppLibrary">
<arg>${username}</arg>
<status status="PASS" starttime="20231116 17:53:02.660" endtime="20231116 17:53:02.660"/>
</kw>
<kw name="Input" library="AppLibrary">
<arg>${password}</arg>
<status status="PASS" starttime="20231116 17:53:02.660" endtime="20231116 17:53:02.660"/>
</kw>
<kw name="Run Application" library="AppLibrary">
<status status="PASS" starttime="20231116 17:53:02.661" endtime="20231116 17:53:02.661"/>
</kw>
<status status="PASS" starttime="20231116 17:53:02.660" endtime="20231116 17:53:02.661"/>
</kw>
<kw name="Output Should Contain" library="AppLibrary">
<arg>User with username kalle already exists</arg>
<status status="PASS" starttime="20231116 17:53:02.661" endtime="20231116 17:53:02.661"/>
</kw>
<status status="PASS" starttime="20231116 17:53:02.660" endtime="20231116 17:53:02.661"/>
</test>
<test id="s1-s2-t3" name="Register With Too Short Username And Valid Password" line="14">
<kw name="Create User And Input New Command" type="SETUP">
<kw name="Create User" library="AppLibrary">
<arg>kalle</arg>
<arg>kalle123</arg>
<status status="PASS" starttime="20231116 17:53:02.661" endtime="20231116 17:53:02.661"/>
</kw>
<kw name="Input New Command" library="resource">
<kw name="Input" library="AppLibrary">
<arg>new</arg>
<status status="PASS" starttime="20231116 17:53:02.661" endtime="20231116 17:53:02.662"/>
</kw>
<status status="PASS" starttime="20231116 17:53:02.661" endtime="20231116 17:53:02.662"/>
</kw>
<status status="PASS" starttime="20231116 17:53:02.661" endtime="20231116 17:53:02.662"/>
</kw>
<kw name="Input Credentials" library="resource">
<arg>pa</arg>
<arg>patrik1234</arg>
<kw name="Input" library="AppLibrary">
<arg>${username}</arg>
<status status="PASS" starttime="20231116 17:53:02.662" endtime="20231116 17:53:02.662"/>
</kw>
<kw name="Input" library="AppLibrary">
<arg>${password}</arg>
<status status="PASS" starttime="20231116 17:53:02.662" endtime="20231116 17:53:02.662"/>
</kw>
<kw name="Run Application" library="AppLibrary">
<status status="PASS" starttime="20231116 17:53:02.662" endtime="20231116 17:53:02.662"/>
</kw>
<status status="PASS" starttime="20231116 17:53:02.662" endtime="20231116 17:53:02.662"/>
</kw>
<kw name="Output Should Contain" library="AppLibrary">
<arg>Username has to consist of 3 characters minimum</arg>
<status status="PASS" starttime="20231116 17:53:02.662" endtime="20231116 17:53:02.662"/>
</kw>
<status status="PASS" starttime="20231116 17:53:02.661" endtime="20231116 17:53:02.662"/>
</test>
<test id="s1-s2-t4" name="Register With Enough Long But Invalid Username And Valid Password" line="18">
<kw name="Create User And Input New Command" type="SETUP">
<kw name="Create User" library="AppLibrary">
<arg>kalle</arg>
<arg>kalle123</arg>
<status status="PASS" starttime="20231116 17:53:02.662" endtime="20231116 17:53:02.663"/>
</kw>
<kw name="Input New Command" library="resource">
<kw name="Input" library="AppLibrary">
<arg>new</arg>
<status status="PASS" starttime="20231116 17:53:02.663" endtime="20231116 17:53:02.663"/>
</kw>
<status status="PASS" starttime="20231116 17:53:02.663" endtime="20231116 17:53:02.663"/>
</kw>
<status status="PASS" starttime="20231116 17:53:02.662" endtime="20231116 17:53:02.663"/>
</kw>
<kw name="Input Credentials" library="resource">
<arg>pakkanep1</arg>
<arg>patrik1234</arg>
<kw name="Input" library="AppLibrary">
<arg>${username}</arg>
<status status="PASS" starttime="20231116 17:53:02.663" endtime="20231116 17:53:02.663"/>
</kw>
<kw name="Input" library="AppLibrary">
<arg>${password}</arg>
<status status="PASS" starttime="20231116 17:53:02.663" endtime="20231116 17:53:02.663"/>
</kw>
<kw name="Run Application" library="AppLibrary">
<status status="PASS" starttime="20231116 17:53:02.663" endtime="20231116 17:53:02.663"/>
</kw>
<status status="PASS" starttime="20231116 17:53:02.663" endtime="20231116 17:53:02.663"/>
</kw>
<kw name="Output Should Contain" library="AppLibrary">
<arg>Username has to consist of 3 characters minimum</arg>
<status status="PASS" starttime="20231116 17:53:02.663" endtime="20231116 17:53:02.663"/>
</kw>
<status status="PASS" starttime="20231116 17:53:02.662" endtime="20231116 17:53:02.663"/>
</test>
<test id="s1-s2-t5" name="Register With Valid Username And Too Short Password" line="22">
<kw name="Create User And Input New Command" type="SETUP">
<kw name="Create User" library="AppLibrary">
<arg>kalle</arg>
<arg>kalle123</arg>
<status status="PASS" starttime="20231116 17:53:02.664" endtime="20231116 17:53:02.664"/>
</kw>
<kw name="Input New Command" library="resource">
<kw name="Input" library="AppLibrary">
<arg>new</arg>
<status status="PASS" starttime="20231116 17:53:02.664" endtime="20231116 17:53:02.664"/>
</kw>
<status status="PASS" starttime="20231116 17:53:02.664" endtime="20231116 17:53:02.664"/>
</kw>
<status status="PASS" starttime="20231116 17:53:02.664" endtime="20231116 17:53:02.664"/>
</kw>
<kw name="Input Credentials" library="resource">
<arg>pakkanep1</arg>
<arg>pa1234</arg>
<kw name="Input" library="AppLibrary">
<arg>${username}</arg>
<status status="PASS" starttime="20231116 17:53:02.664" endtime="20231116 17:53:02.664"/>
</kw>
<kw name="Input" library="AppLibrary">
<arg>${password}</arg>
<status status="PASS" starttime="20231116 17:53:02.664" endtime="20231116 17:53:02.664"/>
</kw>
<kw name="Run Application" library="AppLibrary">
<status status="PASS" starttime="20231116 17:53:02.664" endtime="20231116 17:53:02.664"/>
</kw>
<status status="PASS" starttime="20231116 17:53:02.664" endtime="20231116 17:53:02.664"/>
</kw>
<kw name="Output Should Contain" library="AppLibrary">
<arg>Password has to be atleast 8 characters long and consist atleast 1 number</arg>
<status status="PASS" starttime="20231116 17:53:02.664" endtime="20231116 17:53:02.665"/>
</kw>
<status status="PASS" starttime="20231116 17:53:02.663" endtime="20231116 17:53:02.665"/>
</test>
<test id="s1-s2-t6" name="Register With Valid Username And Long Enough Password Containing Only Letters" line="26">
<kw name="Create User And Input New Command" type="SETUP">
<kw name="Create User" library="AppLibrary">
<arg>kalle</arg>
<arg>kalle123</arg>
<status status="PASS" starttime="20231116 17:53:02.665" endtime="20231116 17:53:02.665"/>
</kw>
<kw name="Input New Command" library="resource">
<kw name="Input" library="AppLibrary">
<arg>new</arg>
<status status="PASS" starttime="20231116 17:53:02.665" endtime="20231116 17:53:02.665"/>
</kw>
<status status="PASS" starttime="20231116 17:53:02.665" endtime="20231116 17:53:02.665"/>
</kw>
<status status="PASS" starttime="20231116 17:53:02.665" endtime="20231116 17:53:02.665"/>
</kw>
<kw name="Input Credentials" library="resource">
<arg>pakkanep1</arg>
<arg>paaaaaaaaa</arg>
<kw name="Input" library="AppLibrary">
<arg>${username}</arg>
<status status="PASS" starttime="20231116 17:53:02.665" endtime="20231116 17:53:02.665"/>
</kw>
<kw name="Input" library="AppLibrary">
<arg>${password}</arg>
<status status="PASS" starttime="20231116 17:53:02.665" endtime="20231116 17:53:02.666"/>
</kw>
<kw name="Run Application" library="AppLibrary">
<status status="PASS" starttime="20231116 17:53:02.666" endtime="20231116 17:53:02.666"/>
</kw>
<status status="PASS" starttime="20231116 17:53:02.665" endtime="20231116 17:53:02.666"/>
</kw>
<kw name="Output Should Contain" library="AppLibrary">
<arg>Password has to be atleast 8 characters long and consist atleast 1 number</arg>
<status status="PASS" starttime="20231116 17:53:02.666" endtime="20231116 17:53:02.666"/>
</kw>
<status status="PASS" starttime="20231116 17:53:02.665" endtime="20231116 17:53:02.666"/>
</test>
<status status="PASS" starttime="20231116 17:53:02.657" endtime="20231116 17:53:02.666"/>
</suite>
<status status="PASS" starttime="20231116 17:53:02.640" endtime="20231116 17:53:02.666"/>
</suite>
<statistics>
<total>
<stat pass="9" fail="0" skip="0">All Tests</stat>
</total>
<tag>
</tag>
<suite>
<stat pass="9" fail="0" skip="0" id="s1" name="Tests">Tests</stat>
<stat pass="3" fail="0" skip="0" id="s1-s1" name="Login">Tests.Login</stat>
<stat pass="6" fail="0" skip="0" id="s1-s2" name="Register">Tests.Register</stat>
</suite>
</statistics>
<errors>
</errors>
</robot>
