<?xml version="1.0" encoding="UTF-8"?>
<robot generator="Robot 6.1.1 (Python 3.11.5 on linux)" generated="20231116 13:56:24.376" rpa="false" schemaversion="4">
<suite id="s1" name="Tests" source="/home/pakkanep/koulu/palautusrepositorio/viikko3/login-robot/src/tests">
<suite id="s1-s1" name="Login" source="/home/pakkanep/koulu/palautusrepositorio/viikko3/login-robot/src/tests/login.robot">
<test id="s1-s1-t1" name="Login With Correct Credentials" line="6">
<kw name="Create User And Input Login Command" type="SETUP">
<kw name="Create User" library="AppLibrary">
<arg>kalle</arg>
<arg>kalle123</arg>
<status status="PASS" starttime="20231116 13:56:24.390" endtime="20231116 13:56:24.390"/>
</kw>
<kw name="Input Login Command" library="resource">
<kw name="Input" library="AppLibrary">
<arg>login</arg>
<status status="PASS" starttime="20231116 13:56:24.391" endtime="20231116 13:56:24.391"/>
</kw>
<status status="PASS" starttime="20231116 13:56:24.390" endtime="20231116 13:56:24.391"/>
</kw>
<status status="PASS" starttime="20231116 13:56:24.390" endtime="20231116 13:56:24.391"/>
</kw>
<kw name="Input Credentials" library="resource">
<arg>kalle</arg>
<arg>kalle123</arg>
<kw name="Input" library="AppLibrary">
<arg>${username}</arg>
<status status="PASS" starttime="20231116 13:56:24.391" endtime="20231116 13:56:24.391"/>
</kw>
<kw name="Input" library="AppLibrary">
<arg>${password}</arg>
<status status="PASS" starttime="20231116 13:56:24.391" endtime="20231116 13:56:24.391"/>
</kw>
<kw name="Run Application" library="AppLibrary">
<status status="PASS" starttime="20231116 13:56:24.391" endtime="20231116 13:56:24.391"/>
</kw>
<status status="PASS" starttime="20231116 13:56:24.391" endtime="20231116 13:56:24.391"/>
</kw>
<kw name="Output Should Contain" library="AppLibrary">
<arg>Logged in</arg>
<status status="PASS" starttime="20231116 13:56:24.391" endtime="20231116 13:56:24.391"/>
</kw>
<status status="PASS" starttime="20231116 13:56:24.390" endtime="20231116 13:56:24.391"/>
</test>
<test id="s1-s1-t2" name="Login With incorrect password" line="10">
<kw name="Create User And Input Login Command" type="SETUP">
<kw name="Create User" library="AppLibrary">
<arg>kalle</arg>
<arg>kalle123</arg>
<status status="PASS" starttime="20231116 13:56:24.392" endtime="20231116 13:56:24.392"/>
</kw>
<kw name="Input Login Command" library="resource">
<kw name="Input" library="AppLibrary">
<arg>login</arg>
<status status="PASS" starttime="20231116 13:56:24.392" endtime="20231116 13:56:24.392"/>
</kw>
<status status="PASS" starttime="20231116 13:56:24.392" endtime="20231116 13:56:24.392"/>
</kw>
<status status="PASS" starttime="20231116 13:56:24.392" endtime="20231116 13:56:24.392"/>
</kw>
<kw name="Input Credentials" library="resource">
<arg>kalle</arg>
<arg>unknown123</arg>
<kw name="Input" library="AppLibrary">
<arg>${username}</arg>
<status status="PASS" starttime="20231116 13:56:24.392" endtime="20231116 13:56:24.393"/>
</kw>
<kw name="Input" library="AppLibrary">
<arg>${password}</arg>
<status status="PASS" starttime="20231116 13:56:24.393" endtime="20231116 13:56:24.393"/>
</kw>
<kw name="Run Application" library="AppLibrary">
<status status="PASS" starttime="20231116 13:56:24.393" endtime="20231116 13:56:24.393"/>
</kw>
<status status="PASS" starttime="20231116 13:56:24.392" endtime="20231116 13:56:24.393"/>
</kw>
<kw name="Output Should Contain" library="AppLibrary">
<arg>Invalid username or password</arg>
<status status="PASS" starttime="20231116 13:56:24.393" endtime="20231116 13:56:24.393"/>
</kw>
<status status="PASS" starttime="20231116 13:56:24.392" endtime="20231116 13:56:24.393"/>
</test>
<test id="s1-s1-t3" name="Login With Nonexistent Username" line="14">
<kw name="Create User And Input Login Command" type="SETUP">
<kw name="Create User" library="AppLibrary">
<arg>kalle</arg>
<arg>kalle123</arg>
<status status="PASS" starttime="20231116 13:56:24.393" endtime="20231116 13:56:24.393"/>
</kw>
<kw name="Input Login Command" library="resource">
<kw name="Input" library="AppLibrary">
<arg>login</arg>
<status status="PASS" starttime="20231116 13:56:24.393" endtime="20231116 13:56:24.393"/>
</kw>
<status status="PASS" starttime="20231116 13:56:24.393" endtime="20231116 13:56:24.394"/>
</kw>
<status status="PASS" starttime="20231116 13:56:24.393" endtime="20231116 13:56:24.394"/>
</kw>
<kw name="Input Credentials" library="resource">
<arg>unknown</arg>
<arg>kalle123</arg>
<kw name="Input" library="AppLibrary">
<arg>${username}</arg>
<status status="PASS" starttime="20231116 13:56:24.394" endtime="20231116 13:56:24.394"/>
</kw>
<kw name="Input" library="AppLibrary">
<arg>${password}</arg>
<status status="PASS" starttime="20231116 13:56:24.394" endtime="20231116 13:56:24.394"/>
</kw>
<kw name="Run Application" library="AppLibrary">
<status status="PASS" starttime="20231116 13:56:24.394" endtime="20231116 13:56:24.394"/>
</kw>
<status status="PASS" starttime="20231116 13:56:24.394" endtime="20231116 13:56:24.394"/>
</kw>
<kw name="Output Should Contain" library="AppLibrary">
<arg>Invalid username or password</arg>
<status status="PASS" starttime="20231116 13:56:24.394" endtime="20231116 13:56:24.394"/>
</kw>
<status status="PASS" starttime="20231116 13:56:24.393" endtime="20231116 13:56:24.394"/>
</test>
<status status="PASS" starttime="20231116 13:56:24.387" endtime="20231116 13:56:24.394"/>
</suite>
<status status="PASS" starttime="20231116 13:56:24.377" endtime="20231116 13:56:24.395"/>
</suite>
<statistics>
<total>
<stat pass="3" fail="0" skip="0">All Tests</stat>
</total>
<tag>
</tag>
<suite>
<stat pass="3" fail="0" skip="0" id="s1" name="Tests">Tests</stat>
<stat pass="3" fail="0" skip="0" id="s1-s1" name="Login">Tests.Login</stat>
</suite>
</statistics>
<errors>
</errors>
</robot>
